{"/home/daniel/Documents/Kenzie-Q4/sprint-2B/q4-sprint2-kenzie-courses-danielmsatiro/src/app.ts": {"path":"/home/daniel/Documents/Kenzie-Q4/sprint-2B/q4-sprint2-kenzie-courses-danielmsatiro/src/app.ts","all":false,"statementMap":{"0":{"start":{"line":1,"column":0},"end":{"line":1,"column":30}},"1":{"start":{"line":2,"column":0},"end":{"line":2,"column":67}},"2":{"start":{"line":3,"column":0},"end":{"line":3,"column":47}},"3":{"start":{"line":4,"column":0},"end":{"line":4,"column":39}},"4":{"start":{"line":5,"column":0},"end":{"line":5,"column":0}},"5":{"start":{"line":6,"column":0},"end":{"line":6,"column":22}},"6":{"start":{"line":7,"column":0},"end":{"line":7,"column":0}},"7":{"start":{"line":8,"column":0},"end":{"line":8,"column":24}},"8":{"start":{"line":9,"column":0},"end":{"line":9,"column":21}},"9":{"start":{"line":10,"column":0},"end":{"line":10,"column":0}},"10":{"start":{"line":11,"column":0},"end":{"line":11,"column":70}},"11":{"start":{"line":12,"column":0},"end":{"line":12,"column":32}},"12":{"start":{"line":13,"column":0},"end":{"line":13,"column":3}},"13":{"start":{"line":14,"column":0},"end":{"line":14,"column":0}},"14":{"start":{"line":15,"column":0},"end":{"line":15,"column":19}}},"s":{"0":1,"1":1,"2":1,"3":1,"4":1,"5":1,"6":1,"7":1,"8":1,"9":1,"10":1,"11":10,"12":1,"13":1,"14":1},"branchMap":{"0":{"type":"branch","line":11,"loc":{"start":{"line":11,"column":8},"end":{"line":13,"column":2}},"locations":[{"start":{"line":11,"column":8},"end":{"line":13,"column":2}}]}},"b":{"0":[10]},"fnMap":{},"f":{}}
,"/home/daniel/Documents/Kenzie-Q4/sprint-2B/q4-sprint2-kenzie-courses-danielmsatiro/src/data-source.ts": {"path":"/home/daniel/Documents/Kenzie-Q4/sprint-2B/q4-sprint2-kenzie-courses-danielmsatiro/src/data-source.ts","all":false,"statementMap":{"0":{"start":{"line":1,"column":0},"end":{"line":1,"column":26}},"1":{"start":{"line":2,"column":0},"end":{"line":2,"column":24}},"2":{"start":{"line":3,"column":0},"end":{"line":3,"column":37}},"3":{"start":{"line":4,"column":0},"end":{"line":4,"column":33}},"4":{"start":{"line":5,"column":0},"end":{"line":5,"column":0}},"5":{"start":{"line":6,"column":0},"end":{"line":6,"column":16}},"6":{"start":{"line":7,"column":0},"end":{"line":7,"column":0}},"7":{"start":{"line":8,"column":0},"end":{"line":8,"column":21}},"8":{"start":{"line":9,"column":0},"end":{"line":9,"column":33}},"9":{"start":{"line":10,"column":0},"end":{"line":10,"column":22}},"10":{"start":{"line":11,"column":0},"end":{"line":11,"column":23}},"11":{"start":{"line":12,"column":0},"end":{"line":12,"column":29}},"12":{"start":{"line":13,"column":0},"end":{"line":13,"column":59}},"13":{"start":{"line":14,"column":0},"end":{"line":14,"column":26}},"14":{"start":{"line":15,"column":0},"end":{"line":15,"column":8}},"15":{"start":{"line":16,"column":0},"end":{"line":16,"column":22}},"16":{"start":{"line":17,"column":0},"end":{"line":17,"column":25}},"17":{"start":{"line":18,"column":0},"end":{"line":18,"column":36}},"18":{"start":{"line":19,"column":0},"end":{"line":19,"column":12}},"19":{"start":{"line":20,"column":0},"end":{"line":20,"column":47}},"20":{"start":{"line":21,"column":0},"end":{"line":21,"column":43}},"21":{"start":{"line":22,"column":0},"end":{"line":22,"column":20}},"22":{"start":{"line":23,"column":0},"end":{"line":23,"column":27}},"23":{"start":{"line":24,"column":0},"end":{"line":24,"column":22}},"24":{"start":{"line":25,"column":0},"end":{"line":25,"column":17}},"25":{"start":{"line":26,"column":0},"end":{"line":26,"column":47}},"26":{"start":{"line":27,"column":0},"end":{"line":27,"column":40}},"27":{"start":{"line":28,"column":0},"end":{"line":28,"column":36}},"28":{"start":{"line":29,"column":0},"end":{"line":29,"column":19}},"29":{"start":{"line":30,"column":0},"end":{"line":30,"column":47}},"30":{"start":{"line":31,"column":0},"end":{"line":31,"column":42}},"31":{"start":{"line":32,"column":0},"end":{"line":32,"column":38}},"32":{"start":{"line":33,"column":0},"end":{"line":33,"column":9}},"33":{"start":{"line":34,"column":0},"end":{"line":34,"column":0}},"34":{"start":{"line":35,"column":0},"end":{"line":35,"column":29}}},"s":{"0":1,"1":1,"2":1,"3":1,"4":1,"5":1,"6":1,"7":1,"8":1,"9":1,"10":1,"11":1,"12":1,"13":1,"14":1,"15":1,"16":0,"17":0,"18":0,"19":0,"20":0,"21":0,"22":0,"23":0,"24":0,"25":0,"26":0,"27":0,"28":0,"29":0,"30":0,"31":0,"32":1,"33":1,"34":1},"branchMap":{"0":{"type":"branch","line":16,"loc":{"start":{"line":16,"column":4},"end":{"line":33,"column":8}},"locations":[{"start":{"line":16,"column":4},"end":{"line":33,"column":8}}]}},"b":{"0":[0]},"fnMap":{},"f":{}}
,"/home/daniel/Documents/Kenzie-Q4/sprint-2B/q4-sprint2-kenzie-courses-danielmsatiro/src/controllers/course.controller.ts": {"path":"/home/daniel/Documents/Kenzie-Q4/sprint-2B/q4-sprint2-kenzie-courses-danielmsatiro/src/controllers/course.controller.ts","all":false,"statementMap":{"0":{"start":{"line":1,"column":0},"end":{"line":1,"column":44}},"1":{"start":{"line":2,"column":0},"end":{"line":2,"column":44}},"2":{"start":{"line":3,"column":0},"end":{"line":3,"column":0}},"3":{"start":{"line":4,"column":0},"end":{"line":4,"column":24}},"4":{"start":{"line":5,"column":0},"end":{"line":5,"column":57}},"5":{"start":{"line":6,"column":0},"end":{"line":6,"column":57}},"6":{"start":{"line":7,"column":0},"end":{"line":7,"column":40}},"7":{"start":{"line":8,"column":0},"end":{"line":8,"column":4}},"8":{"start":{"line":9,"column":0},"end":{"line":9,"column":0}},"9":{"start":{"line":10,"column":0},"end":{"line":10,"column":52}},"10":{"start":{"line":11,"column":0},"end":{"line":11,"column":60}},"11":{"start":{"line":12,"column":0},"end":{"line":12,"column":41}},"12":{"start":{"line":13,"column":0},"end":{"line":13,"column":4}},"13":{"start":{"line":14,"column":0},"end":{"line":14,"column":0}},"14":{"start":{"line":15,"column":0},"end":{"line":15,"column":57}},"15":{"start":{"line":16,"column":0},"end":{"line":16,"column":57}},"16":{"start":{"line":17,"column":0},"end":{"line":17,"column":40}},"17":{"start":{"line":18,"column":0},"end":{"line":18,"column":4}},"18":{"start":{"line":19,"column":0},"end":{"line":19,"column":1}},"19":{"start":{"line":20,"column":0},"end":{"line":20,"column":0}},"20":{"start":{"line":21,"column":0},"end":{"line":21,"column":38}}},"s":{"0":1,"1":1,"2":1,"3":2,"4":2,"5":7,"6":7,"7":7,"8":2,"9":2,"10":0,"11":0,"12":0,"13":2,"14":2,"15":1,"16":1,"17":1,"18":2,"19":1,"20":1},"branchMap":{"0":{"type":"branch","line":4,"loc":{"start":{"line":4,"column":0},"end":{"line":19,"column":1}},"locations":[{"start":{"line":4,"column":0},"end":{"line":19,"column":1}}]},"1":{"type":"branch","line":4,"loc":{"start":{"line":4,"column":0},"end":{"line":19,"column":1}},"locations":[{"start":{"line":4,"column":0},"end":{"line":19,"column":1}}]},"2":{"type":"branch","line":5,"loc":{"start":{"line":5,"column":17},"end":{"line":8,"column":4}},"locations":[{"start":{"line":5,"column":17},"end":{"line":8,"column":4}}]},"3":{"type":"branch","line":5,"loc":{"start":{"line":5,"column":51},"end":{"line":8,"column":4}},"locations":[{"start":{"line":5,"column":51},"end":{"line":8,"column":4}}]},"4":{"type":"branch","line":6,"loc":{"start":{"line":6,"column":19},"end":{"line":6,"column":57}},"locations":[{"start":{"line":6,"column":19},"end":{"line":6,"column":57}}]},"5":{"type":"branch","line":15,"loc":{"start":{"line":15,"column":17},"end":{"line":18,"column":4}},"locations":[{"start":{"line":15,"column":17},"end":{"line":18,"column":4}}]},"6":{"type":"branch","line":15,"loc":{"start":{"line":15,"column":51},"end":{"line":18,"column":4}},"locations":[{"start":{"line":15,"column":51},"end":{"line":18,"column":4}}]},"7":{"type":"branch","line":16,"loc":{"start":{"line":16,"column":19},"end":{"line":16,"column":57}},"locations":[{"start":{"line":16,"column":19},"end":{"line":16,"column":57}}]}},"b":{"0":[2],"1":[2],"2":[7],"3":[7],"4":[7],"5":[1],"6":[1],"7":[1]},"fnMap":{"0":{"name":"CourseController","decl":{"start":{"line":4,"column":0},"end":{"line":19,"column":1}},"loc":{"start":{"line":4,"column":0},"end":{"line":19,"column":1}},"line":4},"1":{"name":"CourseController.createCourse","decl":{"start":{"line":5,"column":17},"end":{"line":8,"column":4}},"loc":{"start":{"line":5,"column":17},"end":{"line":8,"column":4}},"line":5},"2":{"name":"CourseController.readAll","decl":{"start":{"line":10,"column":12},"end":{"line":13,"column":4}},"loc":{"start":{"line":10,"column":12},"end":{"line":13,"column":4}},"line":10},"3":{"name":"CourseController.updateCourse","decl":{"start":{"line":15,"column":17},"end":{"line":18,"column":4}},"loc":{"start":{"line":15,"column":17},"end":{"line":18,"column":4}},"line":15}},"f":{"0":2,"1":7,"2":0,"3":1}}
,"/home/daniel/Documents/Kenzie-Q4/sprint-2B/q4-sprint2-kenzie-courses-danielmsatiro/src/controllers/index.ts": {"path":"/home/daniel/Documents/Kenzie-Q4/sprint-2B/q4-sprint2-kenzie-courses-danielmsatiro/src/controllers/index.ts","all":false,"statementMap":{"0":{"start":{"line":1,"column":0},"end":{"line":1,"column":51}},"1":{"start":{"line":2,"column":0},"end":{"line":2,"column":47}},"2":{"start":{"line":3,"column":0},"end":{"line":3,"column":0}},"3":{"start":{"line":4,"column":0},"end":{"line":4,"column":44}}},"s":{"0":1,"1":1,"2":1,"3":1},"branchMap":{},"b":{},"fnMap":{},"f":{}}
,"/home/daniel/Documents/Kenzie-Q4/sprint-2B/q4-sprint2-kenzie-courses-danielmsatiro/src/controllers/user.controller.ts": {"path":"/home/daniel/Documents/Kenzie-Q4/sprint-2B/q4-sprint2-kenzie-courses-danielmsatiro/src/controllers/user.controller.ts","all":false,"statementMap":{"0":{"start":{"line":1,"column":0},"end":{"line":1,"column":44}},"1":{"start":{"line":2,"column":0},"end":{"line":2,"column":51}},"2":{"start":{"line":3,"column":0},"end":{"line":3,"column":0}},"3":{"start":{"line":4,"column":0},"end":{"line":4,"column":22}},"4":{"start":{"line":5,"column":0},"end":{"line":5,"column":54}},"5":{"start":{"line":6,"column":0},"end":{"line":6,"column":61}},"6":{"start":{"line":7,"column":0},"end":{"line":7,"column":44}},"7":{"start":{"line":8,"column":0},"end":{"line":8,"column":4}},"8":{"start":{"line":9,"column":0},"end":{"line":9,"column":0}},"9":{"start":{"line":10,"column":0},"end":{"line":10,"column":55}},"10":{"start":{"line":11,"column":0},"end":{"line":11,"column":47}},"11":{"start":{"line":12,"column":0},"end":{"line":12,"column":38}},"12":{"start":{"line":13,"column":0},"end":{"line":13,"column":4}},"13":{"start":{"line":14,"column":0},"end":{"line":14,"column":0}},"14":{"start":{"line":15,"column":0},"end":{"line":15,"column":52}},"15":{"start":{"line":16,"column":0},"end":{"line":16,"column":48}},"16":{"start":{"line":17,"column":0},"end":{"line":17,"column":38}},"17":{"start":{"line":18,"column":0},"end":{"line":18,"column":4}},"18":{"start":{"line":19,"column":0},"end":{"line":19,"column":0}},"19":{"start":{"line":20,"column":0},"end":{"line":20,"column":49}},"20":{"start":{"line":21,"column":0},"end":{"line":21,"column":45}},"21":{"start":{"line":22,"column":0},"end":{"line":22,"column":39}},"22":{"start":{"line":23,"column":0},"end":{"line":23,"column":4}},"23":{"start":{"line":24,"column":0},"end":{"line":24,"column":0}},"24":{"start":{"line":25,"column":0},"end":{"line":25,"column":51}},"25":{"start":{"line":26,"column":0},"end":{"line":26,"column":47}},"26":{"start":{"line":27,"column":0},"end":{"line":27,"column":38}},"27":{"start":{"line":28,"column":0},"end":{"line":28,"column":4}},"28":{"start":{"line":29,"column":0},"end":{"line":29,"column":0}},"29":{"start":{"line":30,"column":0},"end":{"line":30,"column":64}},"30":{"start":{"line":31,"column":0},"end":{"line":31,"column":62}},"31":{"start":{"line":32,"column":0},"end":{"line":32,"column":40}},"32":{"start":{"line":33,"column":0},"end":{"line":33,"column":4}},"33":{"start":{"line":34,"column":0},"end":{"line":34,"column":1}},"34":{"start":{"line":35,"column":0},"end":{"line":35,"column":0}},"35":{"start":{"line":36,"column":0},"end":{"line":36,"column":36}}},"s":{"0":1,"1":1,"2":1,"3":2,"4":2,"5":2,"6":2,"7":2,"8":2,"9":2,"10":24,"11":24,"12":24,"13":2,"14":2,"15":1,"16":1,"17":1,"18":2,"19":2,"20":1,"21":1,"22":1,"23":2,"24":2,"25":1,"26":1,"27":1,"28":2,"29":2,"30":2,"31":2,"32":2,"33":2,"34":1,"35":1},"branchMap":{"0":{"type":"branch","line":4,"loc":{"start":{"line":4,"column":0},"end":{"line":34,"column":1}},"locations":[{"start":{"line":4,"column":0},"end":{"line":34,"column":1}}]},"1":{"type":"branch","line":4,"loc":{"start":{"line":4,"column":0},"end":{"line":34,"column":1}},"locations":[{"start":{"line":4,"column":0},"end":{"line":34,"column":1}}]},"2":{"type":"branch","line":5,"loc":{"start":{"line":5,"column":14},"end":{"line":8,"column":4}},"locations":[{"start":{"line":5,"column":14},"end":{"line":8,"column":4}}]},"3":{"type":"branch","line":5,"loc":{"start":{"line":5,"column":48},"end":{"line":8,"column":4}},"locations":[{"start":{"line":5,"column":48},"end":{"line":8,"column":4}}]},"4":{"type":"branch","line":6,"loc":{"start":{"line":6,"column":32},"end":{"line":6,"column":61}},"locations":[{"start":{"line":6,"column":32},"end":{"line":6,"column":61}}]},"5":{"type":"branch","line":10,"loc":{"start":{"line":10,"column":15},"end":{"line":13,"column":4}},"locations":[{"start":{"line":10,"column":15},"end":{"line":13,"column":4}}]},"6":{"type":"branch","line":10,"loc":{"start":{"line":10,"column":49},"end":{"line":13,"column":4}},"locations":[{"start":{"line":10,"column":49},"end":{"line":13,"column":4}}]},"7":{"type":"branch","line":11,"loc":{"start":{"line":11,"column":17},"end":{"line":11,"column":47}},"locations":[{"start":{"line":11,"column":17},"end":{"line":11,"column":47}}]},"8":{"type":"branch","line":15,"loc":{"start":{"line":15,"column":12},"end":{"line":18,"column":4}},"locations":[{"start":{"line":15,"column":12},"end":{"line":18,"column":4}}]},"9":{"type":"branch","line":15,"loc":{"start":{"line":15,"column":46},"end":{"line":18,"column":4}},"locations":[{"start":{"line":15,"column":46},"end":{"line":18,"column":4}}]},"10":{"type":"branch","line":16,"loc":{"start":{"line":16,"column":17},"end":{"line":16,"column":48}},"locations":[{"start":{"line":16,"column":17},"end":{"line":16,"column":48}}]},"11":{"type":"branch","line":20,"loc":{"start":{"line":20,"column":11},"end":{"line":23,"column":4}},"locations":[{"start":{"line":20,"column":11},"end":{"line":23,"column":4}}]},"12":{"type":"branch","line":20,"loc":{"start":{"line":20,"column":43},"end":{"line":23,"column":4}},"locations":[{"start":{"line":20,"column":43},"end":{"line":23,"column":4}}]},"13":{"type":"branch","line":21,"loc":{"start":{"line":21,"column":18},"end":{"line":21,"column":45}},"locations":[{"start":{"line":21,"column":18},"end":{"line":21,"column":45}}]},"14":{"type":"branch","line":25,"loc":{"start":{"line":25,"column":11},"end":{"line":28,"column":4}},"locations":[{"start":{"line":25,"column":11},"end":{"line":28,"column":4}}]},"15":{"type":"branch","line":25,"loc":{"start":{"line":25,"column":45},"end":{"line":28,"column":4}},"locations":[{"start":{"line":25,"column":45},"end":{"line":28,"column":4}}]},"16":{"type":"branch","line":26,"loc":{"start":{"line":26,"column":17},"end":{"line":26,"column":47}},"locations":[{"start":{"line":26,"column":17},"end":{"line":26,"column":47}}]},"17":{"type":"branch","line":30,"loc":{"start":{"line":30,"column":24},"end":{"line":33,"column":4}},"locations":[{"start":{"line":30,"column":24},"end":{"line":33,"column":4}}]},"18":{"type":"branch","line":30,"loc":{"start":{"line":30,"column":58},"end":{"line":33,"column":4}},"locations":[{"start":{"line":30,"column":58},"end":{"line":33,"column":4}}]},"19":{"type":"branch","line":31,"loc":{"start":{"line":31,"column":19},"end":{"line":31,"column":62}},"locations":[{"start":{"line":31,"column":19},"end":{"line":31,"column":62}}]}},"b":{"0":[2],"1":[2],"2":[2],"3":[2],"4":[2],"5":[24],"6":[24],"7":[24],"8":[1],"9":[1],"10":[1],"11":[1],"12":[1],"13":[1],"14":[1],"15":[1],"16":[1],"17":[2],"18":[2],"19":[2]},"fnMap":{"0":{"name":"UserController","decl":{"start":{"line":4,"column":0},"end":{"line":34,"column":1}},"loc":{"start":{"line":4,"column":0},"end":{"line":34,"column":1}},"line":4},"1":{"name":"UserController.loginUser","decl":{"start":{"line":5,"column":14},"end":{"line":8,"column":4}},"loc":{"start":{"line":5,"column":14},"end":{"line":8,"column":4}},"line":5},"2":{"name":"UserController.createUser","decl":{"start":{"line":10,"column":15},"end":{"line":13,"column":4}},"loc":{"start":{"line":10,"column":15},"end":{"line":13,"column":4}},"line":10},"3":{"name":"UserController.getById","decl":{"start":{"line":15,"column":12},"end":{"line":18,"column":4}},"loc":{"start":{"line":15,"column":12},"end":{"line":18,"column":4}},"line":15},"4":{"name":"UserController.getAll","decl":{"start":{"line":20,"column":11},"end":{"line":23,"column":4}},"loc":{"start":{"line":20,"column":11},"end":{"line":23,"column":4}},"line":20},"5":{"name":"UserController.update","decl":{"start":{"line":25,"column":11},"end":{"line":28,"column":4}},"loc":{"start":{"line":25,"column":11},"end":{"line":28,"column":4}},"line":25},"6":{"name":"UserController.userSubscribeCourse","decl":{"start":{"line":30,"column":24},"end":{"line":33,"column":4}},"loc":{"start":{"line":30,"column":24},"end":{"line":33,"column":4}},"line":30}},"f":{"0":2,"1":2,"2":24,"3":1,"4":1,"5":1,"6":2}}
,"/home/daniel/Documents/Kenzie-Q4/sprint-2B/q4-sprint2-kenzie-courses-danielmsatiro/src/entities/Course.entity.ts": {"path":"/home/daniel/Documents/Kenzie-Q4/sprint-2B/q4-sprint2-kenzie-courses-danielmsatiro/src/entities/Course.entity.ts","all":false,"statementMap":{"0":{"start":{"line":1,"column":0},"end":{"line":1,"column":88}},"1":{"start":{"line":2,"column":0},"end":{"line":2,"column":37}},"2":{"start":{"line":3,"column":0},"end":{"line":3,"column":0}},"3":{"start":{"line":4,"column":0},"end":{"line":4,"column":18}},"4":{"start":{"line":5,"column":0},"end":{"line":5,"column":21}},"5":{"start":{"line":6,"column":0},"end":{"line":6,"column":33}},"6":{"start":{"line":7,"column":0},"end":{"line":7,"column":14}},"7":{"start":{"line":8,"column":0},"end":{"line":8,"column":0}},"8":{"start":{"line":9,"column":0},"end":{"line":9,"column":11}},"9":{"start":{"line":10,"column":0},"end":{"line":10,"column":21}},"10":{"start":{"line":11,"column":0},"end":{"line":11,"column":0}},"11":{"start":{"line":12,"column":0},"end":{"line":12,"column":11}},"12":{"start":{"line":13,"column":0},"end":{"line":13,"column":19}},"13":{"start":{"line":14,"column":0},"end":{"line":14,"column":0}},"14":{"start":{"line":15,"column":0},"end":{"line":15,"column":63}},"15":{"start":{"line":16,"column":0},"end":{"line":16,"column":14}},"16":{"start":{"line":17,"column":0},"end":{"line":17,"column":19}},"17":{"start":{"line":18,"column":0},"end":{"line":18,"column":1}}},"s":{"0":1,"1":1,"2":1,"3":1,"4":79,"5":79,"6":79,"7":79,"8":79,"9":79,"10":79,"11":79,"12":79,"13":79,"14":79,"15":79,"16":79,"17":79},"branchMap":{"0":{"type":"branch","line":5,"loc":{"start":{"line":5,"column":0},"end":{"line":18,"column":1}},"locations":[{"start":{"line":5,"column":0},"end":{"line":18,"column":1}}]},"1":{"type":"branch","line":5,"loc":{"start":{"line":5,"column":0},"end":{"line":18,"column":1}},"locations":[{"start":{"line":5,"column":0},"end":{"line":18,"column":1}}]},"2":{"type":"branch","line":15,"loc":{"start":{"line":15,"column":14},"end":{"line":15,"column":24}},"locations":[{"start":{"line":15,"column":14},"end":{"line":15,"column":24}}]},"3":{"type":"branch","line":15,"loc":{"start":{"line":15,"column":26},"end":{"line":15,"column":38}},"locations":[{"start":{"line":15,"column":26},"end":{"line":15,"column":38}}]}},"b":{"0":[2],"1":[79],"2":[18],"3":[18]},"fnMap":{"0":{"name":"Course","decl":{"start":{"line":5,"column":0},"end":{"line":18,"column":1}},"loc":{"start":{"line":5,"column":0},"end":{"line":18,"column":1}},"line":5},"1":{"name":"Object.<anonymous>.__decorate.lazy","decl":{"start":{"line":15,"column":14},"end":{"line":15,"column":24}},"loc":{"start":{"line":15,"column":14},"end":{"line":15,"column":24}},"line":15},"2":{"name":"Object.<anonymous>.__decorate.lazy","decl":{"start":{"line":15,"column":26},"end":{"line":15,"column":38}},"loc":{"start":{"line":15,"column":26},"end":{"line":15,"column":38}},"line":15}},"f":{"0":79,"1":18,"2":18}}
,"/home/daniel/Documents/Kenzie-Q4/sprint-2B/q4-sprint2-kenzie-courses-danielmsatiro/src/entities/User.entity.ts": {"path":"/home/daniel/Documents/Kenzie-Q4/sprint-2B/q4-sprint2-kenzie-courses-danielmsatiro/src/entities/User.entity.ts","all":false,"statementMap":{"0":{"start":{"line":1,"column":0},"end":{"line":1,"column":33}},"1":{"start":{"line":2,"column":0},"end":{"line":2,"column":8}},"2":{"start":{"line":3,"column":0},"end":{"line":3,"column":9}},"3":{"start":{"line":4,"column":0},"end":{"line":4,"column":25}},"4":{"start":{"line":5,"column":0},"end":{"line":5,"column":9}},"5":{"start":{"line":6,"column":0},"end":{"line":6,"column":19}},"6":{"start":{"line":7,"column":0},"end":{"line":7,"column":19}},"7":{"start":{"line":8,"column":0},"end":{"line":8,"column":13}},"8":{"start":{"line":9,"column":0},"end":{"line":9,"column":11}},"9":{"start":{"line":10,"column":0},"end":{"line":10,"column":17}},"10":{"start":{"line":11,"column":0},"end":{"line":11,"column":41}},"11":{"start":{"line":12,"column":0},"end":{"line":12,"column":0}},"12":{"start":{"line":13,"column":0},"end":{"line":13,"column":16}},"13":{"start":{"line":14,"column":0},"end":{"line":14,"column":19}},"14":{"start":{"line":15,"column":0},"end":{"line":15,"column":33}},"15":{"start":{"line":16,"column":0},"end":{"line":16,"column":14}},"16":{"start":{"line":17,"column":0},"end":{"line":17,"column":0}},"17":{"start":{"line":18,"column":0},"end":{"line":18,"column":11}},"18":{"start":{"line":19,"column":0},"end":{"line":19,"column":20}},"19":{"start":{"line":20,"column":0},"end":{"line":20,"column":0}},"20":{"start":{"line":21,"column":0},"end":{"line":21,"column":11}},"21":{"start":{"line":22,"column":0},"end":{"line":22,"column":19}},"22":{"start":{"line":23,"column":0},"end":{"line":23,"column":0}},"23":{"start":{"line":24,"column":0},"end":{"line":24,"column":27}},"24":{"start":{"line":25,"column":0},"end":{"line":25,"column":16}},"25":{"start":{"line":26,"column":0},"end":{"line":26,"column":0}},"26":{"start":{"line":27,"column":0},"end":{"line":27,"column":11}},"27":{"start":{"line":28,"column":0},"end":{"line":28,"column":19}},"28":{"start":{"line":29,"column":0},"end":{"line":29,"column":0}},"29":{"start":{"line":30,"column":0},"end":{"line":30,"column":11}},"30":{"start":{"line":31,"column":0},"end":{"line":31,"column":17}},"31":{"start":{"line":32,"column":0},"end":{"line":32,"column":0}},"32":{"start":{"line":33,"column":0},"end":{"line":33,"column":11}},"33":{"start":{"line":34,"column":0},"end":{"line":34,"column":18}},"34":{"start":{"line":35,"column":0},"end":{"line":35,"column":0}},"35":{"start":{"line":36,"column":0},"end":{"line":36,"column":11}},"36":{"start":{"line":37,"column":0},"end":{"line":37,"column":18}},"37":{"start":{"line":38,"column":0},"end":{"line":38,"column":0}},"38":{"start":{"line":39,"column":0},"end":{"line":39,"column":71}},"39":{"start":{"line":40,"column":0},"end":{"line":40,"column":20}},"40":{"start":{"line":41,"column":0},"end":{"line":41,"column":0}},"41":{"start":{"line":42,"column":0},"end":{"line":42,"column":57}},"42":{"start":{"line":43,"column":0},"end":{"line":43,"column":45}},"43":{"start":{"line":44,"column":0},"end":{"line":44,"column":4}},"44":{"start":{"line":45,"column":0},"end":{"line":45,"column":1}}},"s":{"0":1,"1":1,"2":1,"3":1,"4":1,"5":1,"6":1,"7":1,"8":1,"9":1,"10":1,"11":1,"12":1,"13":78,"14":78,"15":78,"16":78,"17":78,"18":78,"19":78,"20":78,"21":78,"22":78,"23":78,"24":78,"25":78,"26":78,"27":78,"28":78,"29":78,"30":78,"31":78,"32":78,"33":78,"34":78,"35":78,"36":78,"37":78,"38":78,"39":78,"40":78,"41":78,"42":2,"43":2,"44":78},"branchMap":{"0":{"type":"branch","line":14,"loc":{"start":{"line":14,"column":0},"end":{"line":45,"column":1}},"locations":[{"start":{"line":14,"column":0},"end":{"line":45,"column":1}}]},"1":{"type":"branch","line":14,"loc":{"start":{"line":14,"column":0},"end":{"line":45,"column":1}},"locations":[{"start":{"line":14,"column":0},"end":{"line":45,"column":1}}]},"2":{"type":"branch","line":42,"loc":{"start":{"line":42,"column":15},"end":{"line":44,"column":4}},"locations":[{"start":{"line":42,"column":15},"end":{"line":44,"column":4}}]},"3":{"type":"branch","line":42,"loc":{"start":{"line":42,"column":33},"end":{"line":44,"column":4}},"locations":[{"start":{"line":42,"column":33},"end":{"line":44,"column":4}}]},"4":{"type":"branch","line":43,"loc":{"start":{"line":43,"column":11},"end":{"line":43,"column":45}},"locations":[{"start":{"line":43,"column":11},"end":{"line":43,"column":45}}]},"5":{"type":"branch","line":43,"loc":{"start":{"line":43,"column":4},"end":{"line":43,"column":45}},"locations":[{"start":{"line":43,"column":4},"end":{"line":43,"column":45}}]},"6":{"type":"branch","line":39,"loc":{"start":{"line":39,"column":14},"end":{"line":39,"column":26}},"locations":[{"start":{"line":39,"column":14},"end":{"line":39,"column":26}}]},"7":{"type":"branch","line":39,"loc":{"start":{"line":39,"column":28},"end":{"line":39,"column":44}},"locations":[{"start":{"line":39,"column":28},"end":{"line":39,"column":44}}]}},"b":{"0":[2],"1":[78],"2":[2],"3":[2],"4":[2],"5":[2],"6":[18],"7":[18]},"fnMap":{"0":{"name":"User","decl":{"start":{"line":14,"column":0},"end":{"line":45,"column":1}},"loc":{"start":{"line":14,"column":0},"end":{"line":45,"column":1}},"line":14},"1":{"name":"User.comparePwd","decl":{"start":{"line":42,"column":15},"end":{"line":44,"column":4}},"loc":{"start":{"line":42,"column":15},"end":{"line":44,"column":4}},"line":42},"2":{"name":"Object.<anonymous>.__decorate.eager","decl":{"start":{"line":39,"column":14},"end":{"line":39,"column":26}},"loc":{"start":{"line":39,"column":14},"end":{"line":39,"column":26}},"line":39},"3":{"name":"Object.<anonymous>.__decorate.eager","decl":{"start":{"line":39,"column":28},"end":{"line":39,"column":44}},"loc":{"start":{"line":39,"column":28},"end":{"line":39,"column":44}},"line":39}},"f":{"0":78,"1":2,"2":18,"3":18}}
,"/home/daniel/Documents/Kenzie-Q4/sprint-2B/q4-sprint2-kenzie-courses-danielmsatiro/src/entities/index.ts": {"path":"/home/daniel/Documents/Kenzie-Q4/sprint-2B/q4-sprint2-kenzie-courses-danielmsatiro/src/entities/index.ts","all":false,"statementMap":{"0":{"start":{"line":1,"column":0},"end":{"line":1,"column":37}},"1":{"start":{"line":2,"column":0},"end":{"line":2,"column":41}},"2":{"start":{"line":3,"column":0},"end":{"line":3,"column":0}},"3":{"start":{"line":4,"column":0},"end":{"line":4,"column":24}}},"s":{"0":1,"1":1,"2":1,"3":1},"branchMap":{"0":{"type":"branch","line":4,"loc":{"start":{"line":4,"column":9},"end":{"line":4,"column":13}},"locations":[{"start":{"line":4,"column":9},"end":{"line":4,"column":13}}]},"1":{"type":"branch","line":4,"loc":{"start":{"line":4,"column":15},"end":{"line":4,"column":21}},"locations":[{"start":{"line":4,"column":15},"end":{"line":4,"column":21}}]}},"b":{"0":[20],"1":[20]},"fnMap":{"0":{"name":"get","decl":{"start":{"line":4,"column":9},"end":{"line":4,"column":13}},"loc":{"start":{"line":4,"column":9},"end":{"line":4,"column":13}},"line":4},"1":{"name":"get","decl":{"start":{"line":4,"column":15},"end":{"line":4,"column":21}},"loc":{"start":{"line":4,"column":15},"end":{"line":4,"column":21}},"line":4}},"f":{"0":20,"1":20}}
,"/home/daniel/Documents/Kenzie-Q4/sprint-2B/q4-sprint2-kenzie-courses-danielmsatiro/src/errors/errors.ts": {"path":"/home/daniel/Documents/Kenzie-Q4/sprint-2B/q4-sprint2-kenzie-courses-danielmsatiro/src/errors/errors.ts","all":false,"statementMap":{"0":{"start":{"line":1,"column":0},"end":{"line":1,"column":35}},"1":{"start":{"line":2,"column":0},"end":{"line":2,"column":0}},"2":{"start":{"line":3,"column":0},"end":{"line":3,"column":45}},"3":{"start":{"line":4,"column":0},"end":{"line":4,"column":0}},"4":{"start":{"line":5,"column":0},"end":{"line":5,"column":20}},"5":{"start":{"line":6,"column":0},"end":{"line":6,"column":28}},"6":{"start":{"line":7,"column":0},"end":{"line":7,"column":27}},"7":{"start":{"line":8,"column":0},"end":{"line":8,"column":0}},"8":{"start":{"line":9,"column":0},"end":{"line":9,"column":54}},"9":{"start":{"line":10,"column":0},"end":{"line":10,"column":33}},"10":{"start":{"line":11,"column":0},"end":{"line":11,"column":27}},"11":{"start":{"line":12,"column":0},"end":{"line":12,"column":3}},"12":{"start":{"line":13,"column":0},"end":{"line":13,"column":1}},"13":{"start":{"line":14,"column":0},"end":{"line":14,"column":0}},"14":{"start":{"line":15,"column":0},"end":{"line":15,"column":53}},"15":{"start":{"line":16,"column":0},"end":{"line":16,"column":36}},"16":{"start":{"line":17,"column":0},"end":{"line":17,"column":69}},"17":{"start":{"line":18,"column":0},"end":{"line":18,"column":3}},"18":{"start":{"line":19,"column":0},"end":{"line":19,"column":0}},"19":{"start":{"line":20,"column":0},"end":{"line":20,"column":21}},"20":{"start":{"line":21,"column":0},"end":{"line":21,"column":0}},"21":{"start":{"line":22,"column":0},"end":{"line":22,"column":69}},"22":{"start":{"line":23,"column":0},"end":{"line":23,"column":2}},"23":{"start":{"line":24,"column":0},"end":{"line":24,"column":0}},"24":{"start":{"line":25,"column":0},"end":{"line":25,"column":38}}},"s":{"0":1,"1":1,"2":1,"3":1,"4":2,"5":2,"6":2,"7":2,"8":2,"9":10,"10":10,"11":10,"12":2,"13":1,"14":1,"15":10,"16":10,"17":10,"18":0,"19":0,"20":0,"21":0,"22":0,"23":1,"24":1},"branchMap":{"0":{"type":"branch","line":5,"loc":{"start":{"line":5,"column":0},"end":{"line":13,"column":1}},"locations":[{"start":{"line":5,"column":0},"end":{"line":13,"column":1}}]},"1":{"type":"branch","line":9,"loc":{"start":{"line":9,"column":2},"end":{"line":12,"column":3}},"locations":[{"start":{"line":9,"column":2},"end":{"line":12,"column":3}}]},"2":{"type":"branch","line":15,"loc":{"start":{"line":15,"column":21},"end":{"line":23,"column":2}},"locations":[{"start":{"line":15,"column":21},"end":{"line":23,"column":2}}]},"3":{"type":"branch","line":19,"loc":{"start":{"line":19,"column":-1},"end":{"line":23,"column":2}},"locations":[{"start":{"line":19,"column":-1},"end":{"line":23,"column":2}}]}},"b":{"0":[2],"1":[10],"2":[10],"3":[0]},"fnMap":{"0":{"name":"ErrorHandler","decl":{"start":{"line":9,"column":2},"end":{"line":12,"column":3}},"loc":{"start":{"line":9,"column":2},"end":{"line":12,"column":3}},"line":9},"1":{"name":"errorHandler","decl":{"start":{"line":15,"column":21},"end":{"line":23,"column":2}},"loc":{"start":{"line":15,"column":21},"end":{"line":23,"column":2}},"line":15}},"f":{"0":10,"1":10}}
,"/home/daniel/Documents/Kenzie-Q4/sprint-2B/q4-sprint2-kenzie-courses-danielmsatiro/src/middlewares/getUserByIdOr404.middleware.ts": {"path":"/home/daniel/Documents/Kenzie-Q4/sprint-2B/q4-sprint2-kenzie-courses-danielmsatiro/src/middlewares/getUserByIdOr404.middleware.ts","all":false,"statementMap":{"0":{"start":{"line":1,"column":0},"end":{"line":1,"column":58}},"1":{"start":{"line":2,"column":0},"end":{"line":2,"column":48}},"2":{"start":{"line":3,"column":0},"end":{"line":3,"column":49}},"3":{"start":{"line":4,"column":0},"end":{"line":4,"column":0}},"4":{"start":{"line":5,"column":0},"end":{"line":5,"column":32}},"5":{"start":{"line":6,"column":0},"end":{"line":6,"column":15}},"6":{"start":{"line":7,"column":0},"end":{"line":7,"column":16}},"7":{"start":{"line":8,"column":0},"end":{"line":8,"column":20}},"8":{"start":{"line":9,"column":0},"end":{"line":9,"column":6}},"9":{"start":{"line":10,"column":0},"end":{"line":10,"column":28}},"10":{"start":{"line":11,"column":0},"end":{"line":11,"column":0}},"11":{"start":{"line":12,"column":0},"end":{"line":12,"column":7}},"12":{"start":{"line":13,"column":0},"end":{"line":13,"column":59}},"13":{"start":{"line":14,"column":0},"end":{"line":14,"column":16}},"14":{"start":{"line":15,"column":0},"end":{"line":15,"column":52}},"15":{"start":{"line":16,"column":0},"end":{"line":16,"column":5}},"16":{"start":{"line":17,"column":0},"end":{"line":17,"column":20}},"17":{"start":{"line":18,"column":0},"end":{"line":18,"column":11}},"18":{"start":{"line":19,"column":0},"end":{"line":19,"column":50}},"19":{"start":{"line":20,"column":0},"end":{"line":20,"column":3}},"20":{"start":{"line":21,"column":0},"end":{"line":21,"column":0}},"21":{"start":{"line":22,"column":0},"end":{"line":22,"column":16}},"22":{"start":{"line":23,"column":0},"end":{"line":23,"column":2}},"23":{"start":{"line":24,"column":0},"end":{"line":24,"column":0}},"24":{"start":{"line":25,"column":0},"end":{"line":25,"column":32}}},"s":{"0":1,"1":1,"2":1,"3":1,"4":1,"5":7,"6":7,"7":7,"8":7,"9":7,"10":7,"11":7,"12":7,"13":7,"14":0,"15":0,"16":7,"17":7,"18":7,"19":7,"20":7,"21":7,"22":7,"23":1,"24":1},"branchMap":{"0":{"type":"branch","line":5,"loc":{"start":{"line":5,"column":25},"end":{"line":23,"column":2}},"locations":[{"start":{"line":5,"column":25},"end":{"line":23,"column":2}}]},"1":{"type":"branch","line":9,"loc":{"start":{"line":9,"column":-1},"end":{"line":23,"column":2}},"locations":[{"start":{"line":9,"column":-1},"end":{"line":23,"column":2}}]},"2":{"type":"branch","line":14,"loc":{"start":{"line":14,"column":15},"end":{"line":16,"column":5}},"locations":[{"start":{"line":14,"column":15},"end":{"line":16,"column":5}}]},"3":{"type":"branch","line":22,"loc":{"start":{"line":22,"column":2},"end":{"line":22,"column":16}},"locations":[{"start":{"line":22,"column":2},"end":{"line":22,"column":16}}]}},"b":{"0":[7],"1":[7],"2":[0],"3":[7]},"fnMap":{"0":{"name":"getUserByIdOr404","decl":{"start":{"line":5,"column":25},"end":{"line":23,"column":2}},"loc":{"start":{"line":5,"column":25},"end":{"line":23,"column":2}},"line":5}},"f":{"0":7}}
,"/home/daniel/Documents/Kenzie-Q4/sprint-2B/q4-sprint2-kenzie-courses-danielmsatiro/src/middlewares/index.ts": {"path":"/home/daniel/Documents/Kenzie-Q4/sprint-2B/q4-sprint2-kenzie-courses-danielmsatiro/src/middlewares/index.ts","all":false,"statementMap":{"0":{"start":{"line":1,"column":0},"end":{"line":1,"column":57}},"1":{"start":{"line":2,"column":0},"end":{"line":2,"column":55}},"2":{"start":{"line":3,"column":0},"end":{"line":3,"column":61}},"3":{"start":{"line":4,"column":0},"end":{"line":4,"column":61}},"4":{"start":{"line":5,"column":0},"end":{"line":5,"column":61}},"5":{"start":{"line":6,"column":0},"end":{"line":6,"column":51}},"6":{"start":{"line":7,"column":0},"end":{"line":7,"column":73}},"7":{"start":{"line":8,"column":0},"end":{"line":8,"column":0}},"8":{"start":{"line":9,"column":0},"end":{"line":9,"column":8}},"9":{"start":{"line":10,"column":0},"end":{"line":10,"column":17}},"10":{"start":{"line":11,"column":0},"end":{"line":11,"column":16}},"11":{"start":{"line":12,"column":0},"end":{"line":12,"column":19}},"12":{"start":{"line":13,"column":0},"end":{"line":13,"column":19}},"13":{"start":{"line":14,"column":0},"end":{"line":14,"column":19}},"14":{"start":{"line":15,"column":0},"end":{"line":15,"column":14}},"15":{"start":{"line":16,"column":0},"end":{"line":16,"column":25}},"16":{"start":{"line":17,"column":0},"end":{"line":17,"column":2}}},"s":{"0":1,"1":1,"2":1,"3":1,"4":1,"5":1,"6":1,"7":1,"8":1,"9":1,"10":1,"11":1,"12":1,"13":1,"14":1,"15":1,"16":1},"branchMap":{},"b":{},"fnMap":{},"f":{}}
,"/home/daniel/Documents/Kenzie-Q4/sprint-2B/q4-sprint2-kenzie-courses-danielmsatiro/src/middlewares/validateSchema.middleware.ts": {"path":"/home/daniel/Documents/Kenzie-Q4/sprint-2B/q4-sprint2-kenzie-courses-danielmsatiro/src/middlewares/validateSchema.middleware.ts","all":false,"statementMap":{"0":{"start":{"line":1,"column":0},"end":{"line":1,"column":58}},"1":{"start":{"line":2,"column":0},"end":{"line":2,"column":32}},"2":{"start":{"line":3,"column":0},"end":{"line":3,"column":48}},"3":{"start":{"line":4,"column":0},"end":{"line":4,"column":0}},"4":{"start":{"line":5,"column":0},"end":{"line":5,"column":22}},"5":{"start":{"line":6,"column":0},"end":{"line":6,"column":23}},"6":{"start":{"line":7,"column":0},"end":{"line":7,"column":62}},"7":{"start":{"line":8,"column":0},"end":{"line":8,"column":9}},"8":{"start":{"line":9,"column":0},"end":{"line":9,"column":56}},"9":{"start":{"line":10,"column":0},"end":{"line":10,"column":26}},"10":{"start":{"line":11,"column":0},"end":{"line":11,"column":27}},"11":{"start":{"line":12,"column":0},"end":{"line":12,"column":9}},"12":{"start":{"line":13,"column":0},"end":{"line":13,"column":0}},"13":{"start":{"line":14,"column":0},"end":{"line":14,"column":32}},"14":{"start":{"line":15,"column":0},"end":{"line":15,"column":0}},"15":{"start":{"line":16,"column":0},"end":{"line":16,"column":20}},"16":{"start":{"line":17,"column":0},"end":{"line":17,"column":21}},"17":{"start":{"line":18,"column":0},"end":{"line":18,"column":61}},"18":{"start":{"line":19,"column":0},"end":{"line":19,"column":5}},"19":{"start":{"line":20,"column":0},"end":{"line":20,"column":4}},"20":{"start":{"line":21,"column":0},"end":{"line":21,"column":0}},"21":{"start":{"line":22,"column":0},"end":{"line":22,"column":30}}},"s":{"0":1,"1":1,"2":1,"3":1,"4":1,"5":1,"6":12,"7":43,"8":43,"9":43,"10":43,"11":43,"12":43,"13":43,"14":43,"15":43,"16":43,"17":43,"18":43,"19":43,"20":1,"21":1},"branchMap":{"0":{"type":"branch","line":6,"loc":{"start":{"line":6,"column":2},"end":{"line":20,"column":4}},"locations":[{"start":{"line":6,"column":2},"end":{"line":20,"column":4}}]},"1":{"type":"branch","line":7,"loc":{"start":{"line":7,"column":2},"end":{"line":20,"column":4}},"locations":[{"start":{"line":7,"column":2},"end":{"line":20,"column":4}}]},"2":{"type":"branch","line":7,"loc":{"start":{"line":7,"column":56},"end":{"line":20,"column":4}},"locations":[{"start":{"line":7,"column":56},"end":{"line":20,"column":4}}]}},"b":{"0":[12],"1":[43],"2":[43]},"fnMap":{"0":{"name":"validateSchema","decl":{"start":{"line":6,"column":2},"end":{"line":20,"column":4}},"loc":{"start":{"line":6,"column":2},"end":{"line":20,"column":4}},"line":6}},"f":{"0":12}}
,"/home/daniel/Documents/Kenzie-Q4/sprint-2B/q4-sprint2-kenzie-courses-danielmsatiro/src/middlewares/validateToken.middleware.ts": {"path":"/home/daniel/Documents/Kenzie-Q4/sprint-2B/q4-sprint2-kenzie-courses-danielmsatiro/src/middlewares/validateToken.middleware.ts","all":false,"statementMap":{"0":{"start":{"line":1,"column":0},"end":{"line":1,"column":58}},"1":{"start":{"line":2,"column":0},"end":{"line":2,"column":64}},"2":{"start":{"line":3,"column":0},"end":{"line":3,"column":35}},"3":{"start":{"line":4,"column":0},"end":{"line":4,"column":48}},"4":{"start":{"line":5,"column":0},"end":{"line":5,"column":0}},"5":{"start":{"line":6,"column":0},"end":{"line":6,"column":82}},"6":{"start":{"line":7,"column":0},"end":{"line":7,"column":65}},"7":{"start":{"line":8,"column":0},"end":{"line":8,"column":0}},"8":{"start":{"line":9,"column":0},"end":{"line":9,"column":15}},"9":{"start":{"line":10,"column":0},"end":{"line":10,"column":70}},"10":{"start":{"line":11,"column":0},"end":{"line":11,"column":3}},"11":{"start":{"line":12,"column":0},"end":{"line":12,"column":0}},"12":{"start":{"line":13,"column":0},"end":{"line":13,"column":16}},"13":{"start":{"line":14,"column":0},"end":{"line":14,"column":10}},"14":{"start":{"line":15,"column":0},"end":{"line":15,"column":27}},"15":{"start":{"line":16,"column":0},"end":{"line":16,"column":58}},"16":{"start":{"line":17,"column":0},"end":{"line":17,"column":16}},"17":{"start":{"line":18,"column":0},"end":{"line":18,"column":56}},"18":{"start":{"line":19,"column":0},"end":{"line":19,"column":7}},"19":{"start":{"line":20,"column":0},"end":{"line":20,"column":0}},"20":{"start":{"line":21,"column":0},"end":{"line":21,"column":46}},"21":{"start":{"line":22,"column":0},"end":{"line":22,"column":0}},"22":{"start":{"line":23,"column":0},"end":{"line":23,"column":20}},"23":{"start":{"line":24,"column":0},"end":{"line":24,"column":5}},"24":{"start":{"line":25,"column":0},"end":{"line":25,"column":4}},"25":{"start":{"line":26,"column":0},"end":{"line":26,"column":2}},"26":{"start":{"line":27,"column":0},"end":{"line":27,"column":0}},"27":{"start":{"line":28,"column":0},"end":{"line":28,"column":29}}},"s":{"0":1,"1":1,"2":1,"3":1,"4":1,"5":1,"6":22,"7":22,"8":22,"9":5,"10":5,"11":22,"12":22,"13":22,"14":22,"15":22,"16":22,"17":5,"18":5,"19":17,"20":17,"21":17,"22":17,"23":17,"24":22,"25":22,"26":1,"27":1},"branchMap":{"0":{"type":"branch","line":6,"loc":{"start":{"line":6,"column":22},"end":{"line":26,"column":2}},"locations":[{"start":{"line":6,"column":22},"end":{"line":26,"column":2}}]},"1":{"type":"branch","line":6,"loc":{"start":{"line":6,"column":76},"end":{"line":26,"column":2}},"locations":[{"start":{"line":6,"column":76},"end":{"line":26,"column":2}}]},"2":{"type":"branch","line":7,"loc":{"start":{"line":7,"column":49},"end":{"line":7,"column":51}},"locations":[{"start":{"line":7,"column":49},"end":{"line":7,"column":51}}]},"3":{"type":"branch","line":7,"loc":{"start":{"line":7,"column":49},"end":{"line":7,"column":64}},"locations":[{"start":{"line":7,"column":49},"end":{"line":7,"column":64}}]},"4":{"type":"branch","line":9,"loc":{"start":{"line":9,"column":14},"end":{"line":11,"column":3}},"locations":[{"start":{"line":9,"column":14},"end":{"line":11,"column":3}}]},"5":{"type":"branch","line":16,"loc":{"start":{"line":16,"column":4},"end":{"line":24,"column":5}},"locations":[{"start":{"line":16,"column":4},"end":{"line":24,"column":5}}]},"6":{"type":"branch","line":17,"loc":{"start":{"line":17,"column":15},"end":{"line":19,"column":7}},"locations":[{"start":{"line":17,"column":15},"end":{"line":19,"column":7}}]},"7":{"type":"branch","line":20,"loc":{"start":{"line":20,"column":-1},"end":{"line":24,"column":5}},"locations":[{"start":{"line":20,"column":-1},"end":{"line":24,"column":5}}]}},"b":{"0":[22],"1":[22],"2":[5],"3":[17],"4":[5],"5":[22],"6":[5],"7":[17]},"fnMap":{"0":{"name":"validateToken","decl":{"start":{"line":6,"column":22},"end":{"line":26,"column":2}},"loc":{"start":{"line":6,"column":22},"end":{"line":26,"column":2}},"line":6}},"f":{"0":22}}
,"/home/daniel/Documents/Kenzie-Q4/sprint-2B/q4-sprint2-kenzie-courses-danielmsatiro/src/middlewares/verifyAdmin.middleware.ts": {"path":"/home/daniel/Documents/Kenzie-Q4/sprint-2B/q4-sprint2-kenzie-courses-danielmsatiro/src/middlewares/verifyAdmin.middleware.ts","all":false,"statementMap":{"0":{"start":{"line":1,"column":0},"end":{"line":1,"column":58}},"1":{"start":{"line":2,"column":0},"end":{"line":2,"column":48}},"2":{"start":{"line":3,"column":0},"end":{"line":3,"column":49}},"3":{"start":{"line":4,"column":0},"end":{"line":4,"column":0}},"4":{"start":{"line":5,"column":0},"end":{"line":5,"column":80}},"5":{"start":{"line":6,"column":0},"end":{"line":6,"column":26}},"6":{"start":{"line":7,"column":0},"end":{"line":7,"column":0}},"7":{"start":{"line":8,"column":0},"end":{"line":8,"column":62}},"8":{"start":{"line":9,"column":0},"end":{"line":9,"column":0}},"9":{"start":{"line":10,"column":0},"end":{"line":10,"column":30}},"10":{"start":{"line":11,"column":0},"end":{"line":11,"column":0}},"11":{"start":{"line":12,"column":0},"end":{"line":12,"column":19}},"12":{"start":{"line":13,"column":0},"end":{"line":13,"column":18}},"13":{"start":{"line":14,"column":0},"end":{"line":14,"column":3}},"14":{"start":{"line":15,"column":0},"end":{"line":15,"column":0}},"15":{"start":{"line":16,"column":0},"end":{"line":16,"column":33}},"16":{"start":{"line":17,"column":0},"end":{"line":17,"column":81}},"17":{"start":{"line":18,"column":0},"end":{"line":18,"column":3}},"18":{"start":{"line":19,"column":0},"end":{"line":19,"column":0}},"19":{"start":{"line":20,"column":0},"end":{"line":20,"column":16}},"20":{"start":{"line":21,"column":0},"end":{"line":21,"column":2}},"21":{"start":{"line":22,"column":0},"end":{"line":22,"column":0}},"22":{"start":{"line":23,"column":0},"end":{"line":23,"column":27}}},"s":{"0":1,"1":1,"2":1,"3":1,"4":1,"5":7,"6":7,"7":7,"8":7,"9":7,"10":7,"11":7,"12":1,"13":1,"14":6,"15":7,"16":3,"17":3,"18":3,"19":3,"20":7,"21":1,"22":1},"branchMap":{"0":{"type":"branch","line":5,"loc":{"start":{"line":5,"column":20},"end":{"line":21,"column":2}},"locations":[{"start":{"line":5,"column":20},"end":{"line":21,"column":2}}]},"1":{"type":"branch","line":5,"loc":{"start":{"line":5,"column":74},"end":{"line":21,"column":2}},"locations":[{"start":{"line":5,"column":74},"end":{"line":21,"column":2}}]},"2":{"type":"branch","line":12,"loc":{"start":{"line":12,"column":18},"end":{"line":14,"column":3}},"locations":[{"start":{"line":12,"column":18},"end":{"line":14,"column":3}}]},"3":{"type":"branch","line":15,"loc":{"start":{"line":15,"column":-1},"end":{"line":16,"column":32}},"locations":[{"start":{"line":15,"column":-1},"end":{"line":16,"column":32}}]},"4":{"type":"branch","line":16,"loc":{"start":{"line":16,"column":32},"end":{"line":20,"column":16}},"locations":[{"start":{"line":16,"column":32},"end":{"line":20,"column":16}}]}},"b":{"0":[7],"1":[7],"2":[1],"3":[6],"4":[3]},"fnMap":{"0":{"name":"verifyAdmin","decl":{"start":{"line":5,"column":20},"end":{"line":21,"column":2}},"loc":{"start":{"line":5,"column":20},"end":{"line":21,"column":2}},"line":5}},"f":{"0":7}}
,"/home/daniel/Documents/Kenzie-Q4/sprint-2B/q4-sprint2-kenzie-courses-danielmsatiro/src/middlewares/verifyPermission.middleware.ts": {"path":"/home/daniel/Documents/Kenzie-Q4/sprint-2B/q4-sprint2-kenzie-courses-danielmsatiro/src/middlewares/verifyPermission.middleware.ts","all":false,"statementMap":{"0":{"start":{"line":1,"column":0},"end":{"line":1,"column":58}},"1":{"start":{"line":2,"column":0},"end":{"line":2,"column":48}},"2":{"start":{"line":3,"column":0},"end":{"line":3,"column":49}},"3":{"start":{"line":4,"column":0},"end":{"line":4,"column":0}},"4":{"start":{"line":5,"column":0},"end":{"line":5,"column":32}},"5":{"start":{"line":6,"column":0},"end":{"line":6,"column":15}},"6":{"start":{"line":7,"column":0},"end":{"line":7,"column":16}},"7":{"start":{"line":8,"column":0},"end":{"line":8,"column":20}},"8":{"start":{"line":9,"column":0},"end":{"line":9,"column":6}},"9":{"start":{"line":10,"column":0},"end":{"line":10,"column":26}},"10":{"start":{"line":11,"column":0},"end":{"line":11,"column":0}},"11":{"start":{"line":12,"column":0},"end":{"line":12,"column":65}},"12":{"start":{"line":13,"column":0},"end":{"line":13,"column":0}},"13":{"start":{"line":14,"column":0},"end":{"line":14,"column":20}},"14":{"start":{"line":15,"column":0},"end":{"line":15,"column":27}},"15":{"start":{"line":16,"column":0},"end":{"line":16,"column":10}},"16":{"start":{"line":17,"column":0},"end":{"line":17,"column":54}},"17":{"start":{"line":18,"column":0},"end":{"line":18,"column":6}},"18":{"start":{"line":19,"column":0},"end":{"line":19,"column":3}},"19":{"start":{"line":20,"column":0},"end":{"line":20,"column":0}},"20":{"start":{"line":21,"column":0},"end":{"line":21,"column":16}},"21":{"start":{"line":22,"column":0},"end":{"line":22,"column":2}},"22":{"start":{"line":23,"column":0},"end":{"line":23,"column":0}},"23":{"start":{"line":24,"column":0},"end":{"line":24,"column":32}}},"s":{"0":1,"1":1,"2":1,"3":1,"4":1,"5":10,"6":10,"7":10,"8":10,"9":10,"10":10,"11":10,"12":10,"13":10,"14":1,"15":1,"16":1,"17":1,"18":1,"19":9,"20":9,"21":10,"22":1,"23":1},"branchMap":{"0":{"type":"branch","line":5,"loc":{"start":{"line":5,"column":25},"end":{"line":22,"column":2}},"locations":[{"start":{"line":5,"column":25},"end":{"line":22,"column":2}}]},"1":{"type":"branch","line":9,"loc":{"start":{"line":9,"column":-1},"end":{"line":22,"column":2}},"locations":[{"start":{"line":9,"column":-1},"end":{"line":22,"column":2}}]},"2":{"type":"branch","line":14,"loc":{"start":{"line":14,"column":19},"end":{"line":19,"column":3}},"locations":[{"start":{"line":14,"column":19},"end":{"line":19,"column":3}}]},"3":{"type":"branch","line":20,"loc":{"start":{"line":20,"column":-1},"end":{"line":21,"column":16}},"locations":[{"start":{"line":20,"column":-1},"end":{"line":21,"column":16}}]}},"b":{"0":[10],"1":[10],"2":[1],"3":[9]},"fnMap":{"0":{"name":"verifyPermission","decl":{"start":{"line":5,"column":25},"end":{"line":22,"column":2}},"loc":{"start":{"line":5,"column":25},"end":{"line":22,"column":2}},"line":5}},"f":{"0":10}}
,"/home/daniel/Documents/Kenzie-Q4/sprint-2B/q4-sprint2-kenzie-courses-danielmsatiro/src/middlewares/verifyUserExists.middleware.ts": {"path":"/home/daniel/Documents/Kenzie-Q4/sprint-2B/q4-sprint2-kenzie-courses-danielmsatiro/src/middlewares/verifyUserExists.middleware.ts","all":false,"statementMap":{"0":{"start":{"line":1,"column":0},"end":{"line":1,"column":58}},"1":{"start":{"line":2,"column":0},"end":{"line":2,"column":35}},"2":{"start":{"line":3,"column":0},"end":{"line":3,"column":48}},"3":{"start":{"line":4,"column":0},"end":{"line":4,"column":49}},"4":{"start":{"line":5,"column":0},"end":{"line":5,"column":0}},"5":{"start":{"line":6,"column":0},"end":{"line":6,"column":85}},"6":{"start":{"line":7,"column":0},"end":{"line":7,"column":1}},"7":{"start":{"line":8,"column":0},"end":{"line":8,"column":57}},"8":{"start":{"line":9,"column":0},"end":{"line":9,"column":41}},"9":{"start":{"line":10,"column":0},"end":{"line":10,"column":5}},"10":{"start":{"line":11,"column":0},"end":{"line":11,"column":0}},"11":{"start":{"line":12,"column":0},"end":{"line":12,"column":18}},"12":{"start":{"line":13,"column":0},"end":{"line":13,"column":64}},"13":{"start":{"line":14,"column":0},"end":{"line":14,"column":5}},"14":{"start":{"line":15,"column":0},"end":{"line":15,"column":2}},"15":{"start":{"line":16,"column":0},"end":{"line":16,"column":16}},"16":{"start":{"line":17,"column":0},"end":{"line":17,"column":2}},"17":{"start":{"line":18,"column":0},"end":{"line":18,"column":0}},"18":{"start":{"line":19,"column":0},"end":{"line":19,"column":31}}},"s":{"0":1,"1":1,"2":1,"3":1,"4":1,"5":1,"6":25,"7":25,"8":25,"9":25,"10":25,"11":25,"12":1,"13":1,"14":24,"15":24,"16":25,"17":1,"18":1},"branchMap":{"0":{"type":"branch","line":6,"loc":{"start":{"line":6,"column":25},"end":{"line":17,"column":2}},"locations":[{"start":{"line":6,"column":25},"end":{"line":17,"column":2}}]},"1":{"type":"branch","line":6,"loc":{"start":{"line":6,"column":79},"end":{"line":17,"column":2}},"locations":[{"start":{"line":6,"column":79},"end":{"line":17,"column":2}}]},"2":{"type":"branch","line":8,"loc":{"start":{"line":8,"column":26},"end":{"line":10,"column":5}},"locations":[{"start":{"line":8,"column":26},"end":{"line":10,"column":5}}]},"3":{"type":"branch","line":12,"loc":{"start":{"line":12,"column":17},"end":{"line":14,"column":5}},"locations":[{"start":{"line":12,"column":17},"end":{"line":14,"column":5}}]},"4":{"type":"branch","line":15,"loc":{"start":{"line":15,"column":-1},"end":{"line":16,"column":16}},"locations":[{"start":{"line":15,"column":-1},"end":{"line":16,"column":16}}]}},"b":{"0":[25],"1":[25],"2":[25],"3":[1],"4":[24]},"fnMap":{"0":{"name":"verifiUserExists","decl":{"start":{"line":6,"column":25},"end":{"line":17,"column":2}},"loc":{"start":{"line":6,"column":25},"end":{"line":17,"column":2}},"line":6}},"f":{"0":25}}
,"/home/daniel/Documents/Kenzie-Q4/sprint-2B/q4-sprint2-kenzie-courses-danielmsatiro/src/middlewares/verifyUserExistsUpdate.middleware.ts": {"path":"/home/daniel/Documents/Kenzie-Q4/sprint-2B/q4-sprint2-kenzie-courses-danielmsatiro/src/middlewares/verifyUserExistsUpdate.middleware.ts","all":false,"statementMap":{"0":{"start":{"line":1,"column":0},"end":{"line":1,"column":58}},"1":{"start":{"line":2,"column":0},"end":{"line":2,"column":35}},"2":{"start":{"line":3,"column":0},"end":{"line":3,"column":49}},"3":{"start":{"line":4,"column":0},"end":{"line":4,"column":48}},"4":{"start":{"line":5,"column":0},"end":{"line":5,"column":0}},"5":{"start":{"line":6,"column":0},"end":{"line":6,"column":91}},"6":{"start":{"line":7,"column":0},"end":{"line":7,"column":2}},"7":{"start":{"line":8,"column":0},"end":{"line":8,"column":47}},"8":{"start":{"line":9,"column":0},"end":{"line":9,"column":59}},"9":{"start":{"line":10,"column":0},"end":{"line":10,"column":43}},"10":{"start":{"line":11,"column":0},"end":{"line":11,"column":7}},"11":{"start":{"line":12,"column":0},"end":{"line":12,"column":2}},"12":{"start":{"line":13,"column":0},"end":{"line":13,"column":20}},"13":{"start":{"line":14,"column":0},"end":{"line":14,"column":65}},"14":{"start":{"line":15,"column":0},"end":{"line":15,"column":7}},"15":{"start":{"line":16,"column":0},"end":{"line":16,"column":3}},"16":{"start":{"line":17,"column":0},"end":{"line":17,"column":2}},"17":{"start":{"line":18,"column":0},"end":{"line":18,"column":16}},"18":{"start":{"line":19,"column":0},"end":{"line":19,"column":2}},"19":{"start":{"line":20,"column":0},"end":{"line":20,"column":0}},"20":{"start":{"line":21,"column":0},"end":{"line":21,"column":38}}},"s":{"0":1,"1":1,"2":1,"3":1,"4":1,"5":1,"6":3,"7":3,"8":3,"9":3,"10":3,"11":3,"12":3,"13":0,"14":0,"15":3,"16":3,"17":3,"18":3,"19":1,"20":1},"branchMap":{"0":{"type":"branch","line":6,"loc":{"start":{"line":6,"column":31},"end":{"line":19,"column":2}},"locations":[{"start":{"line":6,"column":31},"end":{"line":19,"column":2}}]},"1":{"type":"branch","line":6,"loc":{"start":{"line":6,"column":85},"end":{"line":19,"column":2}},"locations":[{"start":{"line":6,"column":85},"end":{"line":19,"column":2}}]},"2":{"type":"branch","line":8,"loc":{"start":{"line":8,"column":6},"end":{"line":8,"column":7}},"locations":[{"start":{"line":8,"column":6},"end":{"line":8,"column":7}}]},"3":{"type":"branch","line":13,"loc":{"start":{"line":13,"column":19},"end":{"line":15,"column":7}},"locations":[{"start":{"line":13,"column":19},"end":{"line":15,"column":7}}]},"4":{"type":"branch","line":18,"loc":{"start":{"line":18,"column":2},"end":{"line":18,"column":16}},"locations":[{"start":{"line":18,"column":2},"end":{"line":18,"column":16}}]}},"b":{"0":[3],"1":[3],"2":[0],"3":[0],"4":[3]},"fnMap":{"0":{"name":"verifiUserExistsUpdate","decl":{"start":{"line":6,"column":31},"end":{"line":19,"column":2}},"loc":{"start":{"line":6,"column":31},"end":{"line":19,"column":2}},"line":6}},"f":{"0":3}}
,"/home/daniel/Documents/Kenzie-Q4/sprint-2B/q4-sprint2-kenzie-courses-danielmsatiro/src/repositories/course.repository.ts": {"path":"/home/daniel/Documents/Kenzie-Q4/sprint-2B/q4-sprint2-kenzie-courses-danielmsatiro/src/repositories/course.repository.ts","all":false,"statementMap":{"0":{"start":{"line":1,"column":0},"end":{"line":1,"column":65}},"1":{"start":{"line":2,"column":0},"end":{"line":2,"column":43}},"2":{"start":{"line":3,"column":0},"end":{"line":3,"column":37}},"3":{"start":{"line":4,"column":0},"end":{"line":4,"column":0}},"4":{"start":{"line":5,"column":0},"end":{"line":5,"column":23}},"5":{"start":{"line":6,"column":0},"end":{"line":6,"column":53}},"6":{"start":{"line":7,"column":0},"end":{"line":7,"column":35}},"7":{"start":{"line":8,"column":0},"end":{"line":8,"column":49}},"8":{"start":{"line":9,"column":0},"end":{"line":9,"column":74}},"9":{"start":{"line":10,"column":0},"end":{"line":10,"column":48}},"10":{"start":{"line":11,"column":0},"end":{"line":11,"column":1}},"11":{"start":{"line":12,"column":0},"end":{"line":12,"column":0}},"12":{"start":{"line":13,"column":0},"end":{"line":13,"column":47}},"13":{"start":{"line":14,"column":0},"end":{"line":14,"column":41}},"14":{"start":{"line":15,"column":0},"end":{"line":15,"column":0}},"15":{"start":{"line":16,"column":0},"end":{"line":16,"column":17}},"16":{"start":{"line":17,"column":0},"end":{"line":17,"column":58}},"17":{"start":{"line":18,"column":0},"end":{"line":18,"column":3}},"18":{"start":{"line":19,"column":0},"end":{"line":19,"column":0}},"19":{"start":{"line":20,"column":0},"end":{"line":20,"column":51}},"20":{"start":{"line":21,"column":0},"end":{"line":21,"column":39}},"21":{"start":{"line":22,"column":0},"end":{"line":22,"column":0}},"22":{"start":{"line":23,"column":0},"end":{"line":23,"column":53}},"23":{"start":{"line":24,"column":0},"end":{"line":24,"column":0}},"24":{"start":{"line":25,"column":0},"end":{"line":25,"column":39}},"25":{"start":{"line":26,"column":0},"end":{"line":26,"column":52}},"26":{"start":{"line":27,"column":0},"end":{"line":27,"column":0}},"27":{"start":{"line":28,"column":0},"end":{"line":28,"column":18}},"28":{"start":{"line":29,"column":0},"end":{"line":29,"column":15}},"29":{"start":{"line":30,"column":0},"end":{"line":30,"column":28}},"30":{"start":{"line":31,"column":0},"end":{"line":31,"column":79}},"31":{"start":{"line":32,"column":0},"end":{"line":32,"column":0}},"32":{"start":{"line":33,"column":0},"end":{"line":33,"column":55}},"33":{"start":{"line":34,"column":0},"end":{"line":34,"column":37}},"34":{"start":{"line":35,"column":0},"end":{"line":35,"column":1}},"35":{"start":{"line":36,"column":0},"end":{"line":36,"column":0}},"36":{"start":{"line":37,"column":0},"end":{"line":37,"column":38}}},"s":{"0":1,"1":1,"2":1,"3":1,"4":1,"5":1,"6":1,"7":1,"8":1,"9":1,"10":1,"11":1,"12":2,"13":2,"14":2,"15":2,"16":2,"17":2,"18":2,"19":2,"20":14,"21":2,"22":2,"23":2,"24":2,"25":6,"26":2,"27":2,"28":1,"29":1,"30":2,"31":2,"32":2,"33":0,"34":2,"35":1,"36":1},"branchMap":{"0":{"type":"branch","line":13,"loc":{"start":{"line":13,"column":0},"end":{"line":35,"column":1}},"locations":[{"start":{"line":13,"column":0},"end":{"line":35,"column":1}}]},"1":{"type":"branch","line":16,"loc":{"start":{"line":16,"column":2},"end":{"line":18,"column":3}},"locations":[{"start":{"line":16,"column":2},"end":{"line":18,"column":3}}]},"2":{"type":"branch","line":20,"loc":{"start":{"line":20,"column":9},"end":{"line":21,"column":39}},"locations":[{"start":{"line":20,"column":9},"end":{"line":21,"column":39}}]},"3":{"type":"branch","line":20,"loc":{"start":{"line":20,"column":30},"end":{"line":21,"column":39}},"locations":[{"start":{"line":20,"column":30},"end":{"line":21,"column":39}}]},"4":{"type":"branch","line":20,"loc":{"start":{"line":20,"column":30},"end":{"line":21,"column":39}},"locations":[{"start":{"line":20,"column":30},"end":{"line":21,"column":39}}]},"5":{"type":"branch","line":21,"loc":{"start":{"line":21,"column":4},"end":{"line":21,"column":39}},"locations":[{"start":{"line":21,"column":4},"end":{"line":21,"column":39}}]},"6":{"type":"branch","line":21,"loc":{"start":{"line":21,"column":4},"end":{"line":21,"column":39}},"locations":[{"start":{"line":21,"column":4},"end":{"line":21,"column":39}}]},"7":{"type":"branch","line":25,"loc":{"start":{"line":25,"column":13},"end":{"line":26,"column":52}},"locations":[{"start":{"line":25,"column":13},"end":{"line":26,"column":52}}]},"8":{"type":"branch","line":25,"loc":{"start":{"line":25,"column":35},"end":{"line":26,"column":52}},"locations":[{"start":{"line":25,"column":35},"end":{"line":26,"column":52}}]},"9":{"type":"branch","line":25,"loc":{"start":{"line":25,"column":35},"end":{"line":26,"column":52}},"locations":[{"start":{"line":25,"column":35},"end":{"line":26,"column":52}}]},"10":{"type":"branch","line":26,"loc":{"start":{"line":26,"column":4},"end":{"line":26,"column":52}},"locations":[{"start":{"line":26,"column":4},"end":{"line":26,"column":52}}]},"11":{"type":"branch","line":26,"loc":{"start":{"line":26,"column":4},"end":{"line":26,"column":52}},"locations":[{"start":{"line":26,"column":4},"end":{"line":26,"column":52}}]},"12":{"type":"branch","line":28,"loc":{"start":{"line":28,"column":11},"end":{"line":31,"column":79}},"locations":[{"start":{"line":28,"column":11},"end":{"line":31,"column":79}}]},"13":{"type":"branch","line":31,"loc":{"start":{"line":31,"column":-1},"end":{"line":31,"column":79}},"locations":[{"start":{"line":31,"column":-1},"end":{"line":31,"column":79}}]},"14":{"type":"branch","line":31,"loc":{"start":{"line":31,"column":-1},"end":{"line":31,"column":79}},"locations":[{"start":{"line":31,"column":-1},"end":{"line":31,"column":79}}]},"15":{"type":"branch","line":31,"loc":{"start":{"line":31,"column":30},"end":{"line":31,"column":79}},"locations":[{"start":{"line":31,"column":30},"end":{"line":31,"column":79}}]},"16":{"type":"branch","line":31,"loc":{"start":{"line":31,"column":30},"end":{"line":31,"column":79}},"locations":[{"start":{"line":31,"column":30},"end":{"line":31,"column":79}}]}},"b":{"0":[2],"1":[2],"2":[7],"3":[7],"4":[14],"5":[7],"6":[7],"7":[3],"8":[3],"9":[6],"10":[3],"11":[3],"12":[1],"13":[1],"14":[2],"15":[1],"16":[1]},"fnMap":{"0":{"name":"CourseRepository","decl":{"start":{"line":16,"column":2},"end":{"line":18,"column":3}},"loc":{"start":{"line":16,"column":2},"end":{"line":18,"column":3}},"line":16},"1":{"name":"CourseRepository.save","decl":{"start":{"line":20,"column":9},"end":{"line":21,"column":39}},"loc":{"start":{"line":20,"column":9},"end":{"line":21,"column":39}},"line":20},"2":{"name":"CourseRepository.listAll","decl":{"start":{"line":23,"column":12},"end":{"line":23,"column":53}},"loc":{"start":{"line":23,"column":12},"end":{"line":23,"column":53}},"line":23},"3":{"name":"CourseRepository.retrieve","decl":{"start":{"line":25,"column":13},"end":{"line":26,"column":52}},"loc":{"start":{"line":25,"column":13},"end":{"line":26,"column":52}},"line":25},"4":{"name":"CourseRepository.update","decl":{"start":{"line":28,"column":11},"end":{"line":31,"column":79}},"loc":{"start":{"line":28,"column":11},"end":{"line":31,"column":79}},"line":28},"5":{"name":"CourseRepository.delete","decl":{"start":{"line":33,"column":11},"end":{"line":34,"column":37}},"loc":{"start":{"line":33,"column":11},"end":{"line":34,"column":37}},"line":33}},"f":{"0":2,"1":7,"2":0,"3":3,"4":1,"5":0}}
,"/home/daniel/Documents/Kenzie-Q4/sprint-2B/q4-sprint2-kenzie-courses-danielmsatiro/src/repositories/index.ts": {"path":"/home/daniel/Documents/Kenzie-Q4/sprint-2B/q4-sprint2-kenzie-courses-danielmsatiro/src/repositories/index.ts","all":false,"statementMap":{"0":{"start":{"line":1,"column":0},"end":{"line":1,"column":51}},"1":{"start":{"line":2,"column":0},"end":{"line":2,"column":47}},"2":{"start":{"line":3,"column":0},"end":{"line":3,"column":0}},"3":{"start":{"line":4,"column":0},"end":{"line":4,"column":44}}},"s":{"0":1,"1":1,"2":1,"3":1},"branchMap":{},"b":{},"fnMap":{},"f":{}}
,"/home/daniel/Documents/Kenzie-Q4/sprint-2B/q4-sprint2-kenzie-courses-danielmsatiro/src/repositories/user.repository.ts": {"path":"/home/daniel/Documents/Kenzie-Q4/sprint-2B/q4-sprint2-kenzie-courses-danielmsatiro/src/repositories/user.repository.ts","all":false,"statementMap":{"0":{"start":{"line":1,"column":0},"end":{"line":1,"column":51}},"1":{"start":{"line":2,"column":0},"end":{"line":2,"column":43}},"2":{"start":{"line":3,"column":0},"end":{"line":3,"column":35}},"3":{"start":{"line":4,"column":0},"end":{"line":4,"column":0}},"4":{"start":{"line":5,"column":0},"end":{"line":5,"column":21}},"5":{"start":{"line":6,"column":0},"end":{"line":6,"column":47}},"6":{"start":{"line":7,"column":0},"end":{"line":7,"column":33}},"7":{"start":{"line":8,"column":0},"end":{"line":8,"column":47}},"8":{"start":{"line":9,"column":0},"end":{"line":9,"column":72}},"9":{"start":{"line":10,"column":0},"end":{"line":10,"column":1}},"10":{"start":{"line":11,"column":0},"end":{"line":11,"column":0}},"11":{"start":{"line":12,"column":0},"end":{"line":12,"column":43}},"12":{"start":{"line":13,"column":0},"end":{"line":13,"column":37}},"13":{"start":{"line":14,"column":0},"end":{"line":14,"column":0}},"14":{"start":{"line":15,"column":0},"end":{"line":15,"column":17}},"15":{"start":{"line":16,"column":0},"end":{"line":16,"column":54}},"16":{"start":{"line":17,"column":0},"end":{"line":17,"column":3}},"17":{"start":{"line":18,"column":0},"end":{"line":18,"column":0}},"18":{"start":{"line":19,"column":0},"end":{"line":19,"column":77}},"19":{"start":{"line":20,"column":0},"end":{"line":20,"column":0}},"20":{"start":{"line":21,"column":0},"end":{"line":21,"column":51}},"21":{"start":{"line":22,"column":0},"end":{"line":22,"column":0}},"22":{"start":{"line":23,"column":0},"end":{"line":23,"column":39}},"23":{"start":{"line":24,"column":0},"end":{"line":24,"column":50}},"24":{"start":{"line":25,"column":0},"end":{"line":25,"column":0}},"25":{"start":{"line":26,"column":0},"end":{"line":26,"column":56}},"26":{"start":{"line":27,"column":0},"end":{"line":27,"column":51}},"27":{"start":{"line":28,"column":0},"end":{"line":28,"column":1}},"28":{"start":{"line":29,"column":0},"end":{"line":29,"column":0}},"29":{"start":{"line":30,"column":0},"end":{"line":30,"column":36}}},"s":{"0":1,"1":1,"2":1,"3":1,"4":1,"5":1,"6":1,"7":1,"8":1,"9":1,"10":1,"11":2,"12":2,"13":2,"14":2,"15":2,"16":2,"17":2,"18":2,"19":2,"20":2,"21":2,"22":2,"23":168,"24":2,"25":2,"26":2,"27":2,"28":1,"29":1},"branchMap":{"0":{"type":"branch","line":12,"loc":{"start":{"line":12,"column":0},"end":{"line":28,"column":1}},"locations":[{"start":{"line":12,"column":0},"end":{"line":28,"column":1}}]},"1":{"type":"branch","line":15,"loc":{"start":{"line":15,"column":2},"end":{"line":17,"column":3}},"locations":[{"start":{"line":15,"column":2},"end":{"line":17,"column":3}}]},"2":{"type":"branch","line":19,"loc":{"start":{"line":19,"column":9},"end":{"line":19,"column":77}},"locations":[{"start":{"line":19,"column":9},"end":{"line":19,"column":77}}]},"3":{"type":"branch","line":19,"loc":{"start":{"line":19,"column":26},"end":{"line":19,"column":77}},"locations":[{"start":{"line":19,"column":26},"end":{"line":19,"column":77}}]},"4":{"type":"branch","line":19,"loc":{"start":{"line":19,"column":26},"end":{"line":19,"column":77}},"locations":[{"start":{"line":19,"column":26},"end":{"line":19,"column":77}}]},"5":{"type":"branch","line":19,"loc":{"start":{"line":19,"column":46},"end":{"line":19,"column":77}},"locations":[{"start":{"line":19,"column":46},"end":{"line":19,"column":77}}]},"6":{"type":"branch","line":19,"loc":{"start":{"line":19,"column":46},"end":{"line":19,"column":77}},"locations":[{"start":{"line":19,"column":46},"end":{"line":19,"column":77}}]},"7":{"type":"branch","line":21,"loc":{"start":{"line":21,"column":12},"end":{"line":21,"column":51}},"locations":[{"start":{"line":21,"column":12},"end":{"line":21,"column":51}}]},"8":{"type":"branch","line":21,"loc":{"start":{"line":21,"column":12},"end":{"line":21,"column":51}},"locations":[{"start":{"line":21,"column":12},"end":{"line":21,"column":51}}]},"9":{"type":"branch","line":21,"loc":{"start":{"line":21,"column":12},"end":{"line":21,"column":51}},"locations":[{"start":{"line":21,"column":12},"end":{"line":21,"column":51}}]},"10":{"type":"branch","line":21,"loc":{"start":{"line":21,"column":24},"end":{"line":21,"column":51}},"locations":[{"start":{"line":21,"column":24},"end":{"line":21,"column":51}}]},"11":{"type":"branch","line":21,"loc":{"start":{"line":21,"column":24},"end":{"line":21,"column":51}},"locations":[{"start":{"line":21,"column":24},"end":{"line":21,"column":51}}]},"12":{"type":"branch","line":23,"loc":{"start":{"line":23,"column":13},"end":{"line":24,"column":50}},"locations":[{"start":{"line":23,"column":13},"end":{"line":24,"column":50}}]},"13":{"type":"branch","line":23,"loc":{"start":{"line":23,"column":35},"end":{"line":24,"column":50}},"locations":[{"start":{"line":23,"column":35},"end":{"line":24,"column":50}}]},"14":{"type":"branch","line":23,"loc":{"start":{"line":23,"column":35},"end":{"line":24,"column":50}},"locations":[{"start":{"line":23,"column":35},"end":{"line":24,"column":50}}]},"15":{"type":"branch","line":24,"loc":{"start":{"line":24,"column":4},"end":{"line":24,"column":50}},"locations":[{"start":{"line":24,"column":4},"end":{"line":24,"column":50}}]},"16":{"type":"branch","line":24,"loc":{"start":{"line":24,"column":4},"end":{"line":24,"column":50}},"locations":[{"start":{"line":24,"column":4},"end":{"line":24,"column":50}}]},"17":{"type":"branch","line":26,"loc":{"start":{"line":26,"column":11},"end":{"line":27,"column":51}},"locations":[{"start":{"line":26,"column":11},"end":{"line":27,"column":51}}]},"18":{"type":"branch","line":26,"loc":{"start":{"line":26,"column":52},"end":{"line":27,"column":51}},"locations":[{"start":{"line":26,"column":52},"end":{"line":27,"column":51}}]},"19":{"type":"branch","line":26,"loc":{"start":{"line":26,"column":52},"end":{"line":27,"column":51}},"locations":[{"start":{"line":26,"column":52},"end":{"line":27,"column":51}}]},"20":{"type":"branch","line":27,"loc":{"start":{"line":27,"column":4},"end":{"line":27,"column":51}},"locations":[{"start":{"line":27,"column":4},"end":{"line":27,"column":51}}]},"21":{"type":"branch","line":27,"loc":{"start":{"line":27,"column":4},"end":{"line":27,"column":51}},"locations":[{"start":{"line":27,"column":4},"end":{"line":27,"column":51}}]}},"b":{"0":[2],"1":[2],"2":[26],"3":[26],"4":[52],"5":[26],"6":[26],"7":[1],"8":[1],"9":[2],"10":[1],"11":[1],"12":[84],"13":[84],"14":[168],"15":[84],"16":[84],"17":[1],"18":[1],"19":[2],"20":[1],"21":[1]},"fnMap":{"0":{"name":"UserRepository","decl":{"start":{"line":15,"column":2},"end":{"line":17,"column":3}},"loc":{"start":{"line":15,"column":2},"end":{"line":17,"column":3}},"line":15},"1":{"name":"UserRepository.save","decl":{"start":{"line":19,"column":9},"end":{"line":19,"column":77}},"loc":{"start":{"line":19,"column":9},"end":{"line":19,"column":77}},"line":19},"2":{"name":"UserRepository.listAll","decl":{"start":{"line":21,"column":12},"end":{"line":21,"column":51}},"loc":{"start":{"line":21,"column":12},"end":{"line":21,"column":51}},"line":21},"3":{"name":"UserRepository.retrieve","decl":{"start":{"line":23,"column":13},"end":{"line":24,"column":50}},"loc":{"start":{"line":23,"column":13},"end":{"line":24,"column":50}},"line":23},"4":{"name":"UserRepository.update","decl":{"start":{"line":26,"column":11},"end":{"line":27,"column":51}},"loc":{"start":{"line":26,"column":11},"end":{"line":27,"column":51}},"line":26}},"f":{"0":2,"1":26,"2":1,"3":84,"4":1}}
,"/home/daniel/Documents/Kenzie-Q4/sprint-2B/q4-sprint2-kenzie-courses-danielmsatiro/src/routes/course.route.ts": {"path":"/home/daniel/Documents/Kenzie-Q4/sprint-2B/q4-sprint2-kenzie-courses-danielmsatiro/src/routes/course.route.ts","all":false,"statementMap":{"0":{"start":{"line":1,"column":0},"end":{"line":1,"column":33}},"1":{"start":{"line":2,"column":0},"end":{"line":2,"column":50}},"2":{"start":{"line":3,"column":0},"end":{"line":3,"column":8}},"3":{"start":{"line":4,"column":0},"end":{"line":4,"column":17}},"4":{"start":{"line":5,"column":0},"end":{"line":5,"column":16}},"5":{"start":{"line":6,"column":0},"end":{"line":6,"column":19}},"6":{"start":{"line":7,"column":0},"end":{"line":7,"column":24}},"7":{"start":{"line":8,"column":0},"end":{"line":8,"column":62}},"8":{"start":{"line":9,"column":0},"end":{"line":9,"column":0}},"9":{"start":{"line":10,"column":0},"end":{"line":10,"column":30}},"10":{"start":{"line":11,"column":0},"end":{"line":11,"column":0}},"11":{"start":{"line":12,"column":0},"end":{"line":12,"column":70}},"12":{"start":{"line":13,"column":0},"end":{"line":13,"column":18}},"13":{"start":{"line":14,"column":0},"end":{"line":14,"column":13}},"14":{"start":{"line":15,"column":0},"end":{"line":15,"column":16}},"15":{"start":{"line":16,"column":0},"end":{"line":16,"column":19}},"16":{"start":{"line":17,"column":0},"end":{"line":17,"column":31}},"17":{"start":{"line":18,"column":0},"end":{"line":18,"column":31}},"18":{"start":{"line":19,"column":0},"end":{"line":19,"column":2}},"19":{"start":{"line":20,"column":0},"end":{"line":20,"column":19}},"20":{"start":{"line":21,"column":0},"end":{"line":21,"column":17}},"21":{"start":{"line":22,"column":0},"end":{"line":22,"column":16}},"22":{"start":{"line":23,"column":0},"end":{"line":23,"column":19}},"23":{"start":{"line":24,"column":0},"end":{"line":24,"column":37}},"24":{"start":{"line":25,"column":0},"end":{"line":25,"column":31}},"25":{"start":{"line":26,"column":0},"end":{"line":26,"column":2}},"26":{"start":{"line":27,"column":0},"end":{"line":27,"column":0}},"27":{"start":{"line":28,"column":0},"end":{"line":28,"column":28}}},"s":{"0":1,"1":1,"2":1,"3":1,"4":1,"5":1,"6":1,"7":1,"8":1,"9":1,"10":1,"11":1,"12":1,"13":1,"14":1,"15":1,"16":1,"17":1,"18":1,"19":1,"20":1,"21":1,"22":1,"23":1,"24":1,"25":1,"26":1,"27":1},"branchMap":{},"b":{},"fnMap":{},"f":{}}
,"/home/daniel/Documents/Kenzie-Q4/sprint-2B/q4-sprint2-kenzie-courses-danielmsatiro/src/routes/index.ts": {"path":"/home/daniel/Documents/Kenzie-Q4/sprint-2B/q4-sprint2-kenzie-courses-danielmsatiro/src/routes/index.ts","all":false,"statementMap":{"0":{"start":{"line":1,"column":0},"end":{"line":1,"column":34}},"1":{"start":{"line":2,"column":0},"end":{"line":2,"column":42}},"2":{"start":{"line":3,"column":0},"end":{"line":3,"column":38}},"3":{"start":{"line":4,"column":0},"end":{"line":4,"column":0}},"4":{"start":{"line":5,"column":0},"end":{"line":5,"column":49}},"5":{"start":{"line":6,"column":0},"end":{"line":6,"column":22}},"6":{"start":{"line":7,"column":0},"end":{"line":7,"column":24}},"7":{"start":{"line":8,"column":0},"end":{"line":8,"column":2}},"8":{"start":{"line":9,"column":0},"end":{"line":9,"column":0}},"9":{"start":{"line":10,"column":0},"end":{"line":10,"column":31}}},"s":{"0":1,"1":1,"2":1,"3":1,"4":1,"5":2,"6":2,"7":2,"8":1,"9":1},"branchMap":{"0":{"type":"branch","line":5,"loc":{"start":{"line":5,"column":24},"end":{"line":8,"column":2}},"locations":[{"start":{"line":5,"column":24},"end":{"line":8,"column":2}}]}},"b":{"0":[2]},"fnMap":{"0":{"name":"registerRouters","decl":{"start":{"line":5,"column":24},"end":{"line":8,"column":2}},"loc":{"start":{"line":5,"column":24},"end":{"line":8,"column":2}},"line":5}},"f":{"0":2}}
,"/home/daniel/Documents/Kenzie-Q4/sprint-2B/q4-sprint2-kenzie-courses-danielmsatiro/src/routes/user.route.ts": {"path":"/home/daniel/Documents/Kenzie-Q4/sprint-2B/q4-sprint2-kenzie-courses-danielmsatiro/src/routes/user.route.ts","all":false,"statementMap":{"0":{"start":{"line":1,"column":0},"end":{"line":1,"column":33}},"1":{"start":{"line":2,"column":0},"end":{"line":2,"column":48}},"2":{"start":{"line":3,"column":0},"end":{"line":3,"column":8}},"3":{"start":{"line":4,"column":0},"end":{"line":4,"column":19}},"4":{"start":{"line":5,"column":0},"end":{"line":5,"column":17}},"5":{"start":{"line":6,"column":0},"end":{"line":6,"column":16}},"6":{"start":{"line":7,"column":0},"end":{"line":7,"column":19}},"7":{"start":{"line":8,"column":0},"end":{"line":8,"column":25}},"8":{"start":{"line":9,"column":0},"end":{"line":9,"column":14}},"9":{"start":{"line":10,"column":0},"end":{"line":10,"column":19}},"10":{"start":{"line":11,"column":0},"end":{"line":11,"column":24}},"11":{"start":{"line":12,"column":0},"end":{"line":12,"column":8}},"12":{"start":{"line":13,"column":0},"end":{"line":13,"column":18}},"13":{"start":{"line":14,"column":0},"end":{"line":14,"column":19}},"14":{"start":{"line":15,"column":0},"end":{"line":15,"column":19}},"15":{"start":{"line":16,"column":0},"end":{"line":16,"column":20}},"16":{"start":{"line":17,"column":0},"end":{"line":17,"column":79}},"17":{"start":{"line":18,"column":0},"end":{"line":18,"column":0}},"18":{"start":{"line":19,"column":0},"end":{"line":19,"column":28}},"19":{"start":{"line":20,"column":0},"end":{"line":20,"column":0}},"20":{"start":{"line":21,"column":0},"end":{"line":21,"column":15}},"21":{"start":{"line":22,"column":0},"end":{"line":22,"column":11}},"22":{"start":{"line":23,"column":0},"end":{"line":23,"column":16}},"23":{"start":{"line":24,"column":0},"end":{"line":24,"column":19}},"24":{"start":{"line":25,"column":0},"end":{"line":25,"column":23}},"25":{"start":{"line":26,"column":0},"end":{"line":26,"column":2}},"26":{"start":{"line":27,"column":0},"end":{"line":27,"column":16}},"27":{"start":{"line":28,"column":0},"end":{"line":28,"column":11}},"28":{"start":{"line":29,"column":0},"end":{"line":29,"column":35}},"29":{"start":{"line":30,"column":0},"end":{"line":30,"column":19}},"30":{"start":{"line":31,"column":0},"end":{"line":31,"column":27}},"31":{"start":{"line":32,"column":0},"end":{"line":32,"column":2}},"32":{"start":{"line":33,"column":0},"end":{"line":33,"column":16}},"33":{"start":{"line":34,"column":0},"end":{"line":34,"column":11}},"34":{"start":{"line":35,"column":0},"end":{"line":35,"column":34}},"35":{"start":{"line":36,"column":0},"end":{"line":36,"column":26}},"36":{"start":{"line":37,"column":0},"end":{"line":37,"column":2}},"37":{"start":{"line":38,"column":0},"end":{"line":38,"column":15}},"38":{"start":{"line":39,"column":0},"end":{"line":39,"column":15}},"39":{"start":{"line":40,"column":0},"end":{"line":40,"column":16}},"40":{"start":{"line":41,"column":0},"end":{"line":41,"column":19}},"41":{"start":{"line":42,"column":0},"end":{"line":42,"column":14}},"42":{"start":{"line":43,"column":0},"end":{"line":43,"column":24}},"43":{"start":{"line":44,"column":0},"end":{"line":44,"column":2}},"44":{"start":{"line":45,"column":0},"end":{"line":45,"column":17}},"45":{"start":{"line":46,"column":0},"end":{"line":46,"column":15}},"46":{"start":{"line":47,"column":0},"end":{"line":47,"column":35}},"47":{"start":{"line":48,"column":0},"end":{"line":48,"column":25}},"48":{"start":{"line":49,"column":0},"end":{"line":49,"column":16}},"49":{"start":{"line":50,"column":0},"end":{"line":50,"column":19}},"50":{"start":{"line":51,"column":0},"end":{"line":51,"column":14}},"51":{"start":{"line":52,"column":0},"end":{"line":52,"column":23}},"52":{"start":{"line":53,"column":0},"end":{"line":53,"column":2}},"53":{"start":{"line":54,"column":0},"end":{"line":54,"column":0}},"54":{"start":{"line":55,"column":0},"end":{"line":55,"column":17}},"55":{"start":{"line":56,"column":0},"end":{"line":56,"column":25}},"56":{"start":{"line":57,"column":0},"end":{"line":57,"column":40}},"57":{"start":{"line":58,"column":0},"end":{"line":58,"column":16}},"58":{"start":{"line":59,"column":0},"end":{"line":59,"column":19}},"59":{"start":{"line":60,"column":0},"end":{"line":60,"column":14}},"60":{"start":{"line":61,"column":0},"end":{"line":61,"column":36}},"61":{"start":{"line":62,"column":0},"end":{"line":62,"column":2}},"62":{"start":{"line":63,"column":0},"end":{"line":63,"column":0}},"63":{"start":{"line":64,"column":0},"end":{"line":64,"column":26}}},"s":{"0":1,"1":1,"2":1,"3":1,"4":1,"5":1,"6":1,"7":1,"8":1,"9":1,"10":1,"11":1,"12":1,"13":1,"14":1,"15":1,"16":1,"17":1,"18":1,"19":1,"20":1,"21":1,"22":1,"23":1,"24":1,"25":1,"26":1,"27":1,"28":1,"29":1,"30":1,"31":1,"32":1,"33":1,"34":1,"35":1,"36":1,"37":1,"38":1,"39":1,"40":1,"41":1,"42":1,"43":1,"44":1,"45":1,"46":1,"47":1,"48":1,"49":1,"50":1,"51":1,"52":1,"53":1,"54":1,"55":1,"56":1,"57":1,"58":1,"59":1,"60":1,"61":1,"62":1,"63":1},"branchMap":{},"b":{},"fnMap":{},"f":{}}
[...]
,"/home/daniel/Documents/Kenzie-Q4/sprint-2B/q4-sprint2-kenzie-courses-danielmsatiro/src/services/index.ts": {"path":"/home/daniel/Documents/Kenzie-Q4/sprint-2B/q4-sprint2-kenzie-courses-danielmsatiro/src/services/index.ts","all":false,"statementMap":{"0":{"start":{"line":1,"column":0},"end":{"line":1,"column":45}},"1":{"start":{"line":2,"column":0},"end":{"line":2,"column":41}},"2":{"start":{"line":3,"column":0},"end":{"line":3,"column":0}},"3":{"start":{"line":4,"column":0},"end":{"line":4,"column":38}}},"s":{"0":1,"1":1,"2":1,"3":1},"branchMap":{},"b":{},"fnMap":{},"f":{}}
,"/home/daniel/Documents/Kenzie-Q4/sprint-2B/q4-sprint2-kenzie-courses-danielmsatiro/src/services/user.service.ts": {"path":"/home/daniel/Documents/Kenzie-Q4/sprint-2B/q4-sprint2-kenzie-courses-danielmsatiro/src/services/user.service.ts","all":false,"statementMap":{"0":{"start":{"line":1,"column":0},"end":{"line":1,"column":47}},"1":{"start":{"line":2,"column":0},"end":{"line":2,"column":67}},"2":{"start":{"line":3,"column":0},"end":{"line":3,"column":34}},"3":{"start":{"line":4,"column":0},"end":{"line":4,"column":31}},"4":{"start":{"line":5,"column":0},"end":{"line":5,"column":33}},"5":{"start":{"line":6,"column":0},"end":{"line":6,"column":48}},"6":{"start":{"line":7,"column":0},"end":{"line":7,"column":8}},"7":{"start":{"line":8,"column":0},"end":{"line":8,"column":29}},"8":{"start":{"line":9,"column":0},"end":{"line":9,"column":29}},"9":{"start":{"line":10,"column":0},"end":{"line":10,"column":20}},"10":{"start":{"line":11,"column":0},"end":{"line":11,"column":46}},"11":{"start":{"line":12,"column":0},"end":{"line":12,"column":47}},"12":{"start":{"line":13,"column":0},"end":{"line":13,"column":0}},"13":{"start":{"line":14,"column":0},"end":{"line":14,"column":16}},"14":{"start":{"line":15,"column":0},"end":{"line":15,"column":0}},"15":{"start":{"line":16,"column":0},"end":{"line":16,"column":18}},"16":{"start":{"line":17,"column":0},"end":{"line":17,"column":17}},"17":{"start":{"line":18,"column":0},"end":{"line":18,"column":18}},"18":{"start":{"line":19,"column":0},"end":{"line":19,"column":1}},"19":{"start":{"line":20,"column":0},"end":{"line":20,"column":0}},"20":{"start":{"line":21,"column":0},"end":{"line":21,"column":19}},"21":{"start":{"line":22,"column":0},"end":{"line":22,"column":62}},"22":{"start":{"line":23,"column":0},"end":{"line":23,"column":54}},"23":{"start":{"line":24,"column":0},"end":{"line":24,"column":39}},"24":{"start":{"line":25,"column":0},"end":{"line":25,"column":7}},"25":{"start":{"line":26,"column":0},"end":{"line":26,"column":0}},"26":{"start":{"line":27,"column":0},"end":{"line":27,"column":16}},"27":{"start":{"line":28,"column":0},"end":{"line":28,"column":14}},"28":{"start":{"line":29,"column":0},"end":{"line":29,"column":20}},"29":{"start":{"line":30,"column":0},"end":{"line":30,"column":52}},"30":{"start":{"line":31,"column":0},"end":{"line":31,"column":8}},"31":{"start":{"line":32,"column":0},"end":{"line":32,"column":5}},"32":{"start":{"line":33,"column":0},"end":{"line":33,"column":65}},"33":{"start":{"line":34,"column":0},"end":{"line":34,"column":14}},"34":{"start":{"line":35,"column":0},"end":{"line":35,"column":20}},"35":{"start":{"line":36,"column":0},"end":{"line":36,"column":52}},"36":{"start":{"line":37,"column":0},"end":{"line":37,"column":8}},"37":{"start":{"line":38,"column":0},"end":{"line":38,"column":5}},"38":{"start":{"line":39,"column":0},"end":{"line":39,"column":0}},"39":{"start":{"line":40,"column":0},"end":{"line":40,"column":79}},"40":{"start":{"line":41,"column":0},"end":{"line":41,"column":40}},"41":{"start":{"line":42,"column":0},"end":{"line":42,"column":7}},"42":{"start":{"line":43,"column":0},"end":{"line":43,"column":0}},"43":{"start":{"line":44,"column":0},"end":{"line":44,"column":12}},"44":{"start":{"line":45,"column":0},"end":{"line":45,"column":18}},"45":{"start":{"line":46,"column":0},"end":{"line":46,"column":25}},"46":{"start":{"line":47,"column":0},"end":{"line":47,"column":6}},"47":{"start":{"line":48,"column":0},"end":{"line":48,"column":4}},"48":{"start":{"line":49,"column":0},"end":{"line":49,"column":0}},"49":{"start":{"line":50,"column":0},"end":{"line":50,"column":74}},"50":{"start":{"line":51,"column":0},"end":{"line":51,"column":62}},"51":{"start":{"line":52,"column":0},"end":{"line":52,"column":71}},"52":{"start":{"line":53,"column":0},"end":{"line":53,"column":67}},"53":{"start":{"line":54,"column":0},"end":{"line":54,"column":25}},"54":{"start":{"line":55,"column":0},"end":{"line":55,"column":7}},"55":{"start":{"line":56,"column":0},"end":{"line":56,"column":4}},"56":{"start":{"line":57,"column":0},"end":{"line":57,"column":0}},"57":{"start":{"line":58,"column":0},"end":{"line":58,"column":70}},"58":{"start":{"line":59,"column":0},"end":{"line":59,"column":70}},"59":{"start":{"line":60,"column":0},"end":{"line":60,"column":66}},"60":{"start":{"line":61,"column":0},"end":{"line":61,"column":25}},"61":{"start":{"line":62,"column":0},"end":{"line":62,"column":7}},"62":{"start":{"line":63,"column":0},"end":{"line":63,"column":4}},"63":{"start":{"line":64,"column":0},"end":{"line":64,"column":0}},"64":{"start":{"line":65,"column":0},"end":{"line":65,"column":52}},"65":{"start":{"line":66,"column":0},"end":{"line":66,"column":49}},"66":{"start":{"line":67,"column":0},"end":{"line":67,"column":61}},"67":{"start":{"line":68,"column":0},"end":{"line":68,"column":25}},"68":{"start":{"line":69,"column":0},"end":{"line":69,"column":7}},"69":{"start":{"line":70,"column":0},"end":{"line":70,"column":4}},"70":{"start":{"line":71,"column":0},"end":{"line":71,"column":0}},"71":{"start":{"line":72,"column":0},"end":{"line":72,"column":80}},"72":{"start":{"line":73,"column":0},"end":{"line":73,"column":69}},"73":{"start":{"line":74,"column":0},"end":{"line":74,"column":71}},"74":{"start":{"line":75,"column":0},"end":{"line":75,"column":67}},"75":{"start":{"line":76,"column":0},"end":{"line":76,"column":25}},"76":{"start":{"line":77,"column":0},"end":{"line":77,"column":7}},"77":{"start":{"line":78,"column":0},"end":{"line":78,"column":4}},"78":{"start":{"line":79,"column":0},"end":{"line":79,"column":0}},"79":{"start":{"line":80,"column":0},"end":{"line":80,"column":32}},"80":{"start":{"line":81,"column":0},"end":{"line":81,"column":14}},"81":{"start":{"line":82,"column":0},"end":{"line":82,"column":11}},"82":{"start":{"line":83,"column":0},"end":{"line":83,"column":37}},"83":{"start":{"line":84,"column":0},"end":{"line":84,"column":52}},"84":{"start":{"line":85,"column":0},"end":{"line":85,"column":45}},"85":{"start":{"line":86,"column":0},"end":{"line":86,"column":7}},"86":{"start":{"line":87,"column":0},"end":{"line":87,"column":0}},"87":{"start":{"line":88,"column":0},"end":{"line":88,"column":18}},"88":{"start":{"line":89,"column":0},"end":{"line":89,"column":54}},"89":{"start":{"line":90,"column":0},"end":{"line":90,"column":5}},"90":{"start":{"line":91,"column":0},"end":{"line":91,"column":0}},"91":{"start":{"line":92,"column":0},"end":{"line":92,"column":69}},"92":{"start":{"line":93,"column":0},"end":{"line":93,"column":0}},"93":{"start":{"line":94,"column":0},"end":{"line":94,"column":33}},"94":{"start":{"line":95,"column":0},"end":{"line":95,"column":0}},"95":{"start":{"line":96,"column":0},"end":{"line":96,"column":39}},"96":{"start":{"line":97,"column":0},"end":{"line":97,"column":0}},"97":{"start":{"line":98,"column":0},"end":{"line":98,"column":74}},"98":{"start":{"line":99,"column":0},"end":{"line":99,"column":0}},"99":{"start":{"line":100,"column":0},"end":{"line":100,"column":67}},"100":{"start":{"line":101,"column":0},"end":{"line":101,"column":25}},"101":{"start":{"line":102,"column":0},"end":{"line":102,"column":7}},"102":{"start":{"line":103,"column":0},"end":{"line":103,"column":4}},"103":{"start":{"line":104,"column":0},"end":{"line":104,"column":1}},"104":{"start":{"line":105,"column":0},"end":{"line":105,"column":0}},"105":{"start":{"line":106,"column":0},"end":{"line":106,"column":33}}},"s":{"0":1,"1":1,"2":1,"3":1,"4":1,"5":1,"6":1,"7":1,"8":1,"9":1,"10":1,"11":1,"12":1,"13":1,"14":1,"15":1,"16":1,"17":1,"18":1,"19":1,"20":2,"21":2,"22":2,"23":2,"24":2,"25":2,"26":2,"27":0,"28":0,"29":0,"30":0,"31":0,"32":2,"33":1,"34":1,"35":1,"36":1,"37":1,"38":1,"39":1,"40":1,"41":1,"42":1,"43":1,"44":1,"45":1,"46":1,"47":2,"48":2,"49":2,"50":24,"51":24,"52":24,"53":24,"54":24,"55":24,"56":2,"57":2,"58":1,"59":1,"60":1,"61":1,"62":1,"63":2,"64":2,"65":1,"66":1,"67":1,"68":1,"69":1,"70":2,"71":2,"72":1,"73":1,"74":1,"75":1,"76":1,"77":1,"78":2,"79":2,"80":2,"81":2,"82":2,"83":2,"84":2,"85":2,"86":2,"87":2,"88":0,"89":0,"90":2,"91":2,"92":2,"93":2,"94":2,"95":2,"96":2,"97":2,"98":2,"99":2,"100":2,"101":2,"102":2,"103":2,"104":1,"105":1},"branchMap":{"0":{"type":"branch","line":21,"loc":{"start":{"line":21,"column":0},"end":{"line":104,"column":1}},"locations":[{"start":{"line":21,"column":0},"end":{"line":104,"column":1}}]},"1":{"type":"branch","line":21,"loc":{"start":{"line":21,"column":0},"end":{"line":104,"column":1}},"locations":[{"start":{"line":21,"column":0},"end":{"line":104,"column":1}}]},"2":{"type":"branch","line":22,"loc":{"start":{"line":22,"column":10},"end":{"line":48,"column":4}},"locations":[{"start":{"line":22,"column":10},"end":{"line":48,"column":4}}]},"3":{"type":"branch","line":23,"loc":{"start":{"line":23,"column":23},"end":{"line":25,"column":7}},"locations":[{"start":{"line":23,"column":23},"end":{"line":25,"column":7}}]},"4":{"type":"branch","line":27,"loc":{"start":{"line":27,"column":15},"end":{"line":32,"column":5}},"locations":[{"start":{"line":27,"column":15},"end":{"line":32,"column":5}}]},"5":{"type":"branch","line":33,"loc":{"start":{"line":33,"column":64},"end":{"line":47,"column":6}},"locations":[{"start":{"line":33,"column":64},"end":{"line":47,"column":6}}]},"6":{"type":"branch","line":50,"loc":{"start":{"line":50,"column":11},"end":{"line":56,"column":4}},"locations":[{"start":{"line":50,"column":11},"end":{"line":56,"column":4}}]},"7":{"type":"branch","line":51,"loc":{"start":{"line":51,"column":17},"end":{"line":51,"column":62}},"locations":[{"start":{"line":51,"column":17},"end":{"line":51,"column":62}}]},"8":{"type":"branch","line":53,"loc":{"start":{"line":53,"column":4},"end":{"line":55,"column":7}},"locations":[{"start":{"line":53,"column":4},"end":{"line":55,"column":7}}]},"9":{"type":"branch","line":58,"loc":{"start":{"line":58,"column":12},"end":{"line":63,"column":4}},"locations":[{"start":{"line":58,"column":12},"end":{"line":63,"column":4}}]},"10":{"type":"branch","line":59,"loc":{"start":{"line":59,"column":23},"end":{"line":59,"column":70}},"locations":[{"start":{"line":59,"column":23},"end":{"line":59,"column":70}}]},"11":{"type":"branch","line":60,"loc":{"start":{"line":60,"column":4},"end":{"line":62,"column":7}},"locations":[{"start":{"line":60,"column":4},"end":{"line":62,"column":7}}]},"12":{"type":"branch","line":65,"loc":{"start":{"line":65,"column":11},"end":{"line":70,"column":4}},"locations":[{"start":{"line":65,"column":11},"end":{"line":70,"column":4}}]},"13":{"type":"branch","line":65,"loc":{"start":{"line":65,"column":11},"end":{"line":70,"column":4}},"locations":[{"start":{"line":65,"column":11},"end":{"line":70,"column":4}}]},"14":{"type":"branch","line":66,"loc":{"start":{"line":66,"column":18},"end":{"line":66,"column":49}},"locations":[{"start":{"line":66,"column":18},"end":{"line":66,"column":49}}]},"15":{"type":"branch","line":67,"loc":{"start":{"line":67,"column":4},"end":{"line":69,"column":7}},"locations":[{"start":{"line":67,"column":4},"end":{"line":69,"column":7}}]},"16":{"type":"branch","line":72,"loc":{"start":{"line":72,"column":11},"end":{"line":78,"column":4}},"locations":[{"start":{"line":72,"column":11},"end":{"line":78,"column":4}}]},"17":{"type":"branch","line":73,"loc":{"start":{"line":73,"column":4},"end":{"line":73,"column":69}},"locations":[{"start":{"line":73,"column":4},"end":{"line":73,"column":69}}]},"18":{"type":"branch","line":75,"loc":{"start":{"line":75,"column":4},"end":{"line":77,"column":7}},"locations":[{"start":{"line":75,"column":4},"end":{"line":77,"column":7}}]},"19":{"type":"branch","line":80,"loc":{"start":{"line":80,"column":24},"end":{"line":103,"column":4}},"locations":[{"start":{"line":80,"column":24},"end":{"line":103,"column":4}}]},"20":{"type":"branch","line":84,"loc":{"start":{"line":84,"column":19},"end":{"line":86,"column":7}},"locations":[{"start":{"line":84,"column":19},"end":{"line":86,"column":7}}]},"21":{"type":"branch","line":88,"loc":{"start":{"line":88,"column":17},"end":{"line":90,"column":5}},"locations":[{"start":{"line":88,"column":17},"end":{"line":90,"column":5}}]},"22":{"type":"branch","line":100,"loc":{"start":{"line":100,"column":4},"end":{"line":102,"column":7}},"locations":[{"start":{"line":100,"column":4},"end":{"line":102,"column":7}}]}},"b":{"0":[2],"1":[2],"2":[2],"3":[2],"4":[0],"5":[1],"6":[24],"7":[24],"8":[24],"9":[1],"10":[1],"11":[1],"12":[1],"13":[1],"14":[1],"15":[1],"16":[1],"17":[1],"18":[1],"19":[2],"20":[2],"21":[0],"22":[2]},"fnMap":{"0":{"name":"UserService","decl":{"start":{"line":21,"column":0},"end":{"line":104,"column":1}},"loc":{"start":{"line":21,"column":0},"end":{"line":104,"column":1}},"line":21},"1":{"name":"UserService.login","decl":{"start":{"line":22,"column":10},"end":{"line":48,"column":4}},"loc":{"start":{"line":22,"column":10},"end":{"line":48,"column":4}},"line":22},"2":{"name":"UserService.create","decl":{"start":{"line":50,"column":11},"end":{"line":56,"column":4}},"loc":{"start":{"line":50,"column":11},"end":{"line":56,"column":4}},"line":50},"3":{"name":"UserService.getById","decl":{"start":{"line":58,"column":12},"end":{"line":63,"column":4}},"loc":{"start":{"line":58,"column":12},"end":{"line":63,"column":4}},"line":58},"4":{"name":"UserService.getAll","decl":{"start":{"line":65,"column":11},"end":{"line":70,"column":4}},"loc":{"start":{"line":65,"column":11},"end":{"line":70,"column":4}},"line":65},"5":{"name":"UserService.update","decl":{"start":{"line":72,"column":11},"end":{"line":78,"column":4}},"loc":{"start":{"line":72,"column":11},"end":{"line":78,"column":4}},"line":72},"6":{"name":"UserService.userSubscribeCourse","decl":{"start":{"line":80,"column":24},"end":{"line":103,"column":4}},"loc":{"start":{"line":80,"column":24},"end":{"line":103,"column":4}},"line":80}},"f":{"0":2,"1":2,"2":24,"3":1,"4":1,"5":1,"6":2}}
,"/home/daniel/Documents/Kenzie-Q4/sprint-2B/q4-sprint2-kenzie-courses-danielmsatiro/src/test/index.ts": {"path":"/home/daniel/Documents/Kenzie-Q4/sprint-2B/q4-sprint2-kenzie-courses-danielmsatiro/src/test/index.ts","all":false,"statementMap":{"0":{"start":{"line":1,"column":0},"end":{"line":1,"column":40}},"1":{"start":{"line":2,"column":0},"end":{"line":2,"column":0}},"2":{"start":{"line":3,"column":0},"end":{"line":3,"column":43}},"3":{"start":{"line":4,"column":0},"end":{"line":4,"column":31}},"4":{"start":{"line":5,"column":0},"end":{"line":5,"column":0}},"5":{"start":{"line":6,"column":0},"end":{"line":6,"column":43}},"6":{"start":{"line":7,"column":0},"end":{"line":7,"column":57}},"7":{"start":{"line":8,"column":0},"end":{"line":8,"column":55}},"8":{"start":{"line":9,"column":0},"end":{"line":9,"column":62}},"9":{"start":{"line":10,"column":0},"end":{"line":10,"column":45}},"10":{"start":{"line":11,"column":0},"end":{"line":11,"column":0}},"11":{"start":{"line":12,"column":0},"end":{"line":12,"column":50}},"12":{"start":{"line":13,"column":0},"end":{"line":13,"column":2}},"13":{"start":{"line":14,"column":0},"end":{"line":14,"column":0}},"14":{"start":{"line":15,"column":0},"end":{"line":15,"column":47}},"15":{"start":{"line":16,"column":0},"end":{"line":16,"column":59}},"16":{"start":{"line":17,"column":0},"end":{"line":17,"column":58}},"17":{"start":{"line":18,"column":0},"end":{"line":18,"column":0}},"18":{"start":{"line":19,"column":0},"end":{"line":19,"column":34}},"19":{"start":{"line":20,"column":0},"end":{"line":20,"column":2}},"20":{"start":{"line":21,"column":0},"end":{"line":21,"column":0}},"21":{"start":{"line":22,"column":0},"end":{"line":22,"column":47}},"22":{"start":{"line":23,"column":0},"end":{"line":23,"column":72}},"23":{"start":{"line":24,"column":0},"end":{"line":24,"column":38}},"24":{"start":{"line":25,"column":0},"end":{"line":25,"column":5}},"25":{"start":{"line":26,"column":0},"end":{"line":26,"column":0}},"26":{"start":{"line":27,"column":0},"end":{"line":27,"column":15}},"27":{"start":{"line":28,"column":0},"end":{"line":28,"column":2}},"28":{"start":{"line":29,"column":0},"end":{"line":29,"column":0}},"29":{"start":{"line":30,"column":0},"end":{"line":30,"column":55}}},"s":{"0":1,"1":1,"2":1,"3":1,"4":1,"5":1,"6":18,"7":18,"8":18,"9":18,"10":18,"11":18,"12":18,"13":1,"14":1,"15":5,"16":5,"17":5,"18":5,"19":5,"20":1,"21":1,"22":15,"23":15,"24":15,"25":15,"26":15,"27":15,"28":1,"29":1},"branchMap":{"0":{"type":"branch","line":6,"loc":{"start":{"line":6,"column":21},"end":{"line":13,"column":2}},"locations":[{"start":{"line":6,"column":21},"end":{"line":13,"column":2}}]},"1":{"type":"branch","line":15,"loc":{"start":{"line":15,"column":23},"end":{"line":20,"column":2}},"locations":[{"start":{"line":15,"column":23},"end":{"line":20,"column":2}}]},"2":{"type":"branch","line":22,"loc":{"start":{"line":22,"column":22},"end":{"line":28,"column":2}},"locations":[{"start":{"line":22,"column":22},"end":{"line":28,"column":2}}]}},"b":{"0":[18],"1":[5],"2":[15]},"fnMap":{"0":{"name":"generateUser","decl":{"start":{"line":6,"column":21},"end":{"line":13,"column":2}},"loc":{"start":{"line":6,"column":21},"end":{"line":13,"column":2}},"line":6},"1":{"name":"generateCourse","decl":{"start":{"line":15,"column":23},"end":{"line":20,"column":2}},"loc":{"start":{"line":15,"column":23},"end":{"line":20,"column":2}},"line":15},"2":{"name":"generateToken","decl":{"start":{"line":22,"column":22},"end":{"line":28,"column":2}},"loc":{"start":{"line":22,"column":22},"end":{"line":28,"column":2}},"line":22}},"f":{"0":18,"1":5,"2":15}}
}
