TN:
SF:src/app.ts
FNF:0
FNH:0
DA:1,1
DA:2,1
DA:3,1
DA:4,1
DA:5,1
DA:6,1
DA:7,1
DA:8,1
DA:9,1
DA:10,1
DA:11,1
DA:12,1
DA:13,1
DA:14,1
DA:15,1
DA:16,1
DA:17,1
DA:18,1
DA:19,1
DA:20,11
DA:21,1
DA:22,1
DA:23,1
LF:23
LH:23
BRDA:19,0,0,11
BRF:1
BRH:1
end_of_record
TN:
SF:src/data-source.ts
FNF:0
FNH:0
DA:1,1
DA:2,1
DA:3,1
DA:4,1
DA:5,1
DA:6,1
DA:7,1
DA:8,1
DA:9,1
DA:10,1
DA:11,1
DA:12,1
DA:13,1
DA:14,1
DA:15,1
DA:16,1
DA:17,0
DA:18,0
DA:19,0
DA:20,0
DA:21,0
DA:22,0
DA:23,0
DA:24,0
DA:25,0
DA:26,0
DA:27,0
DA:28,0
DA:29,0
DA:30,0
DA:31,0
DA:32,0
DA:33,1
DA:34,1
DA:35,1
LF:35
LH:19
BRDA:16,0,0,0
BRF:1
BRH:0
end_of_record
TN:
SF:src/config/mailer.config.ts
FNF:0
FNH:0
DA:1,1
DA:2,1
DA:3,1
DA:4,1
DA:5,1
DA:6,1
DA:7,1
DA:8,1
DA:9,1
DA:10,1
DA:11,1
DA:12,1
DA:13,1
DA:14,1
DA:15,1
DA:16,1
LF:16
LH:16
BRF:0
BRH:0
end_of_record
TN:
SF:src/controllers/course.controller.ts
FN:4,CourseController
FN:5,CourseController.createCourse
FN:10,CourseController.readAll
FN:15,CourseController.updateCourse
FNF:4
FNH:4
FNDA:2,CourseController
FNDA:1,CourseController.createCourse
FNDA:1,CourseController.readAll
FNDA:1,CourseController.updateCourse
DA:1,1
DA:2,1
DA:3,1
DA:4,2
DA:5,2
DA:6,1
DA:7,1
DA:8,1
DA:9,2
DA:10,2
DA:11,1
DA:12,1
DA:13,1
DA:14,2
DA:15,2
DA:16,1
DA:17,1
DA:18,1
DA:19,2
DA:20,1
DA:21,1
LF:21
LH:21
BRDA:4,0,0,2
BRDA:4,1,0,2
BRDA:5,2,0,1
BRDA:5,3,0,1
BRDA:6,4,0,1
BRDA:10,5,0,1
BRDA:10,6,0,1
BRDA:11,7,0,1
BRDA:15,8,0,1
BRDA:15,9,0,1
BRDA:16,10,0,1
BRF:11
BRH:11
end_of_record
TN:
SF:src/controllers/index.ts
FNF:0
FNH:0
DA:1,1
DA:2,1
DA:3,1
DA:4,1
LF:4
LH:4
BRF:0
BRH:0
end_of_record
TN:
SF:src/controllers/user.controller.ts
FN:4,UserController
FN:5,UserController.loginUser
FN:10,UserController.createUser
FN:15,UserController.getById
FN:20,UserController.getAll
FN:25,UserController.update
FN:30,UserController.userSubscribeCourse
FNF:7
FNH:7
FNDA:2,UserController
FNDA:2,UserController.loginUser
FNDA:2,UserController.createUser
FNDA:1,UserController.getById
FNDA:1,UserController.getAll
FNDA:1,UserController.update
FNDA:2,UserController.userSubscribeCourse
DA:1,1
DA:2,1
DA:3,1
DA:4,2
DA:5,2
DA:6,2
DA:7,2
DA:8,2
DA:9,2
DA:10,2
DA:11,2
DA:12,2
DA:13,2
DA:14,2
DA:15,2
DA:16,1
DA:17,1
DA:18,1
DA:19,2
DA:20,2
DA:21,1
DA:22,1
DA:23,1
DA:24,2
DA:25,2
DA:26,1
DA:27,1
DA:28,1
DA:29,2
DA:30,2
DA:31,2
DA:32,2
DA:33,2
DA:34,2
DA:35,1
DA:36,1
LF:36
LH:36
BRDA:4,0,0,2
BRDA:4,1,0,2
BRDA:5,2,0,2
BRDA:5,3,0,2
BRDA:6,4,0,2
BRDA:10,5,0,2
BRDA:10,6,0,2
BRDA:11,7,0,2
BRDA:15,8,0,1
BRDA:15,9,0,1
BRDA:16,10,0,1
BRDA:20,11,0,1
BRDA:20,12,0,1
BRDA:21,13,0,1
BRDA:25,14,0,1
BRDA:25,15,0,1
BRDA:26,16,0,1
BRDA:30,17,0,2
BRDA:30,18,0,2
BRDA:31,19,0,2
BRF:20
BRH:20
end_of_record
TN:
SF:src/entities/Course.entity.ts
FN:5,Course
FN:15,Object.<anonymous>.__decorate.lazy
FN:15,Object.<anonymous>.__decorate.lazy
FNF:3
FNH:3
FNDA:46,Course
FNDA:9,Object.<anonymous>.__decorate.lazy
FNDA:9,Object.<anonymous>.__decorate.lazy
DA:1,1
DA:2,1
DA:3,1
DA:4,1
DA:5,46
DA:6,46
DA:7,46
DA:8,46
DA:9,46
DA:10,46
DA:11,46
DA:12,46
DA:13,46
DA:14,46
DA:15,46
DA:16,46
DA:17,46
DA:18,46
LF:18
LH:18
BRDA:5,0,0,2
BRDA:5,1,0,46
BRDA:15,2,0,9
BRDA:15,3,0,9
BRF:4
BRH:4
end_of_record
TN:
SF:src/entities/User.entity.ts
FN:14,User
FN:42,User.comparePwd
FN:39,Object.<anonymous>.__decorate.eager
FN:39,Object.<anonymous>.__decorate.eager
FNF:4
FNH:4
FNDA:44,User
FNDA:2,User.comparePwd
FNDA:9,Object.<anonymous>.__decorate.eager
FNDA:9,Object.<anonymous>.__decorate.eager
DA:1,1
DA:2,1
DA:3,1
DA:4,1
DA:5,1
DA:6,1
DA:7,1
DA:8,1
DA:9,1
DA:10,1
DA:11,1
DA:12,1
DA:13,1
DA:14,44
DA:15,44
DA:16,44
DA:17,44
DA:18,44
DA:19,44
DA:20,44
DA:21,44
DA:22,44
DA:23,44
DA:24,44
DA:25,44
DA:26,44
DA:27,44
DA:28,44
DA:29,44
DA:30,44
DA:31,44
DA:32,44
DA:33,44
DA:34,44
DA:35,44
DA:36,44
DA:37,44
DA:38,44
DA:39,44
DA:40,44
DA:41,44
DA:42,44
DA:43,2
DA:44,2
DA:45,44
LF:45
LH:45
BRDA:14,0,0,2
BRDA:14,1,0,44
BRDA:42,2,0,2
BRDA:42,3,0,2
BRDA:43,4,0,2
BRDA:43,5,0,2
BRDA:39,6,0,9
BRDA:39,7,0,9
BRF:8
BRH:8
end_of_record
TN:
SF:src/entities/index.ts
FN:4,get
FN:4,get
FNF:2
FNH:2
FNDA:18,get
FNDA:14,get
DA:1,1
DA:2,1
DA:3,1
DA:4,1
LF:4
LH:4
BRDA:4,0,0,18
BRDA:4,1,0,14
BRF:2
BRH:2
end_of_record
TN:
SF:src/errors/errors.ts
FN:9,ErrorHandler
FN:15,errorHandler
FNF:2
FNH:2
FNDA:11,ErrorHandler
FNDA:11,errorHandler
DA:1,1
DA:2,1
DA:3,1
DA:4,1
DA:5,2
DA:6,2
DA:7,2
DA:8,2
DA:9,2
DA:10,11
DA:11,11
DA:12,11
DA:13,2
DA:14,1
DA:15,1
DA:16,11
DA:17,11
DA:18,11
DA:19,0
DA:20,0
DA:21,0
DA:22,0
DA:23,0
DA:24,1
DA:25,1
LF:25
LH:20
BRDA:5,0,0,2
BRDA:9,1,0,11
BRDA:15,2,0,11
BRDA:19,3,0,0
BRF:4
BRH:3
end_of_record
TN:
SF:src/middlewares/getUserByIdOr404.middleware.ts
FN:5,getUserByIdOr404
FNF:1
FNH:1
FNDA:7,getUserByIdOr404
DA:1,1
DA:2,1
DA:3,1
DA:4,1
DA:5,1
DA:6,7
DA:7,7
DA:8,7
DA:9,7
DA:10,7
DA:11,7
DA:12,7
DA:13,7
DA:14,7
DA:15,0
DA:16,0
DA:17,7
DA:18,7
DA:19,7
DA:20,7
DA:21,7
DA:22,7
DA:23,7
DA:24,1
DA:25,1
LF:25
LH:23
BRDA:5,0,0,7
BRDA:9,1,0,7
BRDA:14,2,0,0
BRDA:22,3,0,7
BRF:4
BRH:3
end_of_record
TN:
SF:src/middlewares/index.ts
FNF:0
FNH:0
DA:1,1
DA:2,1
DA:3,1
DA:4,1
DA:5,1
DA:6,1
DA:7,1
DA:8,1
DA:9,1
DA:10,1
DA:11,1
DA:12,1
DA:13,1
DA:14,1
DA:15,1
DA:16,1
DA:17,1
LF:17
LH:17
BRF:0
BRH:0
end_of_record
TN:
SF:src/middlewares/validateSchema.middleware.ts
FN:6,validateSchema
FNF:1
FNH:1
FNDA:12,validateSchema
DA:1,1
DA:2,1
DA:3,1
DA:4,1
DA:5,1
DA:6,1
DA:7,12
DA:8,16
DA:9,16
DA:10,16
DA:11,16
DA:12,16
DA:13,16
DA:14,16
DA:15,16
DA:16,16
DA:17,16
DA:18,16
DA:19,16
DA:20,16
DA:21,1
DA:22,1
LF:22
LH:22
BRDA:6,0,0,12
BRDA:7,1,0,16
BRDA:7,2,0,16
BRF:3
BRH:3
end_of_record
TN:
SF:src/middlewares/validateToken.middleware.ts
FN:6,validateToken
FNF:1
FNH:1
FNDA:17,validateToken
DA:1,1
DA:2,1
DA:3,1
DA:4,1
DA:5,1
DA:6,1
DA:7,17
DA:8,17
DA:9,17
DA:10,5
DA:11,5
DA:12,17
DA:13,17
DA:14,17
DA:15,17
DA:16,17
DA:17,17
DA:18,5
DA:19,5
DA:20,12
DA:21,12
DA:22,12
DA:23,12
DA:24,12
DA:25,17
DA:26,17
DA:27,1
DA:28,1
LF:28
LH:28
BRDA:6,0,0,17
BRDA:6,1,0,17
BRDA:7,2,0,5
BRDA:7,3,0,12
BRDA:9,4,0,5
BRDA:16,5,0,17
BRDA:17,6,0,5
BRDA:20,7,0,12
BRF:8
BRH:8
end_of_record
TN:
SF:src/middlewares/verifyAdmin.middleware.ts
FN:5,verifyAdmin
FNF:1
FNH:1
FNDA:7,verifyAdmin
DA:1,1
DA:2,1
DA:3,1
DA:4,1
DA:5,1
DA:6,7
DA:7,7
DA:8,7
DA:9,7
DA:10,7
DA:11,7
DA:12,7
DA:13,1
DA:14,1
DA:15,6
DA:16,7
DA:17,3
DA:18,3
DA:19,3
DA:20,3
DA:21,7
DA:22,1
DA:23,1
LF:23
LH:23
BRDA:5,0,0,7
BRDA:5,1,0,7
BRDA:12,2,0,1
BRDA:15,3,0,6
BRDA:16,4,0,3
BRF:5
BRH:5
end_of_record
TN:
SF:src/middlewares/verifyPermission.middleware.ts
FN:5,verifyPermission
FNF:1
FNH:1
FNDA:4,verifyPermission
DA:1,1
DA:2,1
DA:3,1
DA:4,1
DA:5,1
DA:6,4
DA:7,4
DA:8,4
DA:9,4
DA:10,4
DA:11,4
DA:12,4
DA:13,4
DA:14,4
DA:15,1
DA:16,1
DA:17,1
DA:18,1
DA:19,1
DA:20,3
DA:21,3
DA:22,4
DA:23,1
DA:24,1
LF:24
LH:24
BRDA:5,0,0,4
BRDA:9,1,0,4
BRDA:14,2,0,3
BRDA:14,3,0,1
BRF:4
BRH:4
end_of_record
TN:
SF:src/middlewares/verifyUserExists.middleware.ts
FN:6,verifiUserExists
FNF:1
FNH:1
FNDA:3,verifiUserExists
DA:1,1
DA:2,1
DA:3,1
DA:4,1
DA:5,1
DA:6,1
DA:7,3
DA:8,3
DA:9,3
DA:10,3
DA:11,3
DA:12,3
DA:13,1
DA:14,1
DA:15,2
DA:16,2
DA:17,3
DA:18,1
DA:19,1
LF:19
LH:19
BRDA:6,0,0,3
BRDA:6,1,0,3
BRDA:8,2,0,3
BRDA:12,3,0,1
BRDA:15,4,0,2
BRF:5
BRH:5
end_of_record
TN:
SF:src/middlewares/verifyUserExistsUpdate.middleware.ts
FN:6,verifiUserExistsUpdate
FNF:1
FNH:1
FNDA:4,verifiUserExistsUpdate
DA:1,1
DA:2,1
DA:3,1
DA:4,1
DA:5,1
DA:6,1
DA:7,4
DA:8,4
DA:9,4
DA:10,4
DA:11,4
DA:12,4
DA:13,4
DA:14,1
DA:15,1
DA:16,4
DA:17,4
DA:18,4
DA:19,4
DA:20,1
DA:21,1
LF:21
LH:21
BRDA:6,0,0,4
BRDA:6,1,0,4
BRDA:8,2,0,0
BRDA:13,3,0,1
BRDA:18,4,0,3
BRF:5
BRH:4
end_of_record
TN:
SF:src/repositories/course.repository.ts
FN:16,CourseRepository
FN:20,CourseRepository.save
FN:23,CourseRepository.listAll
FN:25,CourseRepository.retrieve
FN:28,CourseRepository.update
FN:33,CourseRepository.delete
FNF:6
FNH:5
FNDA:2,CourseRepository
FNDA:1,CourseRepository.save
FNDA:1,CourseRepository.listAll
FNDA:3,CourseRepository.retrieve
FNDA:1,CourseRepository.update
FNDA:0,CourseRepository.delete
DA:1,1
DA:2,1
DA:3,1
DA:4,1
DA:5,1
DA:6,1
DA:7,1
DA:8,1
DA:9,1
DA:10,1
DA:11,1
DA:12,1
DA:13,2
DA:14,2
DA:15,2
DA:16,2
DA:17,2
DA:18,2
DA:19,2
DA:20,2
DA:21,2
DA:22,2
DA:23,2
DA:24,2
DA:25,2
DA:26,6
DA:27,2
DA:28,2
DA:29,1
DA:30,1
DA:31,2
DA:32,2
DA:33,2
DA:34,0
DA:35,2
DA:36,1
DA:37,1
LF:37
LH:36
BRDA:13,0,0,2
BRDA:16,1,0,2
BRDA:20,2,0,1
BRDA:20,3,0,1
BRDA:20,4,0,2
BRDA:21,5,0,1
BRDA:21,6,0,1
BRDA:23,7,0,1
BRDA:23,8,0,1
BRDA:23,9,0,2
BRDA:23,10,0,1
BRDA:23,11,0,1
BRDA:25,12,0,3
BRDA:25,13,0,3
BRDA:25,14,0,6
BRDA:26,15,0,3
BRDA:26,16,0,3
BRDA:28,17,0,1
BRDA:31,18,0,1
BRDA:31,19,0,2
BRDA:31,20,0,1
BRDA:31,21,0,1
BRF:22
BRH:22
end_of_record
TN:
SF:src/repositories/index.ts
FNF:0
FNH:0
DA:1,1
DA:2,1
DA:3,1
DA:4,1
LF:4
LH:4
BRF:0
BRH:0
end_of_record
TN:
SF:src/repositories/user.repository.ts
FN:15,UserRepository
FN:19,UserRepository.save
FN:21,UserRepository.listAll
FN:23,UserRepository.retrieve
FN:26,UserRepository.update
FNF:5
FNH:5
FNDA:2,UserRepository
FNDA:4,UserRepository.save
FNDA:1,UserRepository.listAll
FNDA:36,UserRepository.retrieve
FNDA:1,UserRepository.update
DA:1,1
DA:2,1
DA:3,1
DA:4,1
DA:5,1
DA:6,1
DA:7,1
DA:8,1
DA:9,1
DA:10,1
DA:11,1
DA:12,2
DA:13,2
DA:14,2
DA:15,2
DA:16,2
DA:17,2
DA:18,2
DA:19,2
DA:20,2
DA:21,2
DA:22,2
DA:23,2
DA:24,72
DA:25,2
DA:26,2
DA:27,2
DA:28,2
DA:29,1
DA:30,1
LF:30
LH:30
BRDA:12,0,0,2
BRDA:15,1,0,2
BRDA:19,2,0,4
BRDA:19,3,0,4
BRDA:19,4,0,8
BRDA:19,5,0,4
BRDA:19,6,0,4
BRDA:21,7,0,1
BRDA:21,8,0,1
BRDA:21,9,0,2
BRDA:21,10,0,1
BRDA:21,11,0,1
BRDA:23,12,0,36
BRDA:23,13,0,36
BRDA:23,14,0,72
BRDA:24,15,0,36
BRDA:24,16,0,36
BRDA:26,17,0,1
BRDA:26,18,0,1
BRDA:26,19,0,2
BRDA:27,20,0,1
BRDA:27,21,0,1
BRF:22
BRH:22
end_of_record
TN:
SF:src/routes/course.route.ts
FNF:0
FNH:0
DA:1,1
DA:2,1
DA:3,1
DA:4,1
DA:5,1
DA:6,1
DA:7,1
DA:8,1
DA:9,1
DA:10,1
DA:11,1
DA:12,1
DA:13,1
DA:14,1
DA:15,1
DA:16,1
DA:17,1
DA:18,1
DA:19,1
DA:20,1
DA:21,1
DA:22,1
DA:23,1
DA:24,1
DA:25,1
DA:26,1
DA:27,1
DA:28,1
LF:28
LH:28
BRF:0
BRH:0
end_of_record
TN:
SF:src/routes/index.ts
FN:5,registerRouters
FNF:1
FNH:1
FNDA:2,registerRouters
DA:1,1
DA:2,1
DA:3,1
DA:4,1
DA:5,1
DA:6,2
DA:7,2
DA:8,2
DA:9,1
DA:10,1
LF:10
LH:10
BRDA:5,0,0,2
BRF:1
BRH:1
end_of_record
TN:
SF:src/routes/user.route.ts
FNF:0
FNH:0
DA:1,1
DA:2,1
DA:3,1
DA:4,1
DA:5,1
DA:6,1
DA:7,1
DA:8,1
DA:9,1
DA:10,1
DA:11,1
DA:12,1
DA:13,1
DA:14,1
DA:15,1
DA:16,1
DA:17,1
DA:18,1
DA:19,1
DA:20,1
DA:21,1
DA:22,1
DA:23,1
DA:24,1
DA:25,1
DA:26,1
DA:27,1
DA:28,1
DA:29,1
DA:30,1
DA:31,1
DA:32,1
DA:33,1
DA:34,1
DA:35,1
DA:36,1
DA:37,1
DA:38,1
DA:39,1
DA:40,1
DA:41,1
DA:42,1
DA:43,1
DA:44,1
DA:45,1
DA:46,1
DA:47,1
DA:48,1
DA:49,1
DA:50,1
DA:51,1
DA:52,1
DA:53,1
DA:54,1
DA:55,1
DA:56,1
DA:57,1
DA:58,1
DA:59,1
DA:60,1
DA:61,1
DA:62,1
DA:63,1
DA:64,1
LF:64
LH:64
BRF:0
BRH:0
end_of_record
TN:
SF:src/schemas/index.ts
FN:12,get
FN:13,get
FN:14,get
FN:15,get
FN:16,get
FN:17,get
FNF:6
FNH:6
FNDA:2,get
FNDA:2,get
FNDA:2,get
FNDA:2,get
FNDA:6,get
FNDA:2,get
DA:1,1
DA:2,1
DA:3,1
DA:4,1
DA:5,1
DA:6,1
DA:7,1
DA:8,1
DA:9,1
DA:10,1
DA:11,1
DA:12,1
DA:13,1
DA:14,1
DA:15,1
DA:16,1
DA:17,1
DA:18,1
DA:19,1
LF:19
LH:19
BRDA:12,0,0,2
BRDA:13,1,0,2
BRDA:14,2,0,2
BRDA:15,3,0,2
BRDA:16,4,0,6
BRDA:17,5,0,2
BRF:6
BRH:6
end_of_record
TN:
SF:src/schemas/courses/create.schema.ts
FNF:0
FNH:0
DA:1,1
DA:2,1
DA:3,1
DA:4,1
DA:5,1
DA:6,1
DA:7,1
DA:8,1
DA:9,1
DA:10,1
DA:11,1
DA:12,1
DA:13,1
DA:14,1
DA:15,1
DA:16,1
DA:17,1
DA:18,1
DA:19,1
LF:19
LH:19
BRF:0
BRH:0
end_of_record
TN:
SF:src/schemas/courses/getAll.Students.schema.ts
FNF:0
FNH:0
DA:1,1
DA:2,1
DA:3,1
DA:4,1
DA:5,1
DA:6,1
DA:7,1
DA:8,1
DA:9,1
DA:10,1
DA:11,1
DA:12,1
DA:13,1
DA:14,1
LF:14
LH:14
BRF:0
BRH:0
end_of_record
TN:
SF:src/schemas/courses/getAll.schema.ts
FNF:0
FNH:0
DA:1,1
DA:2,1
DA:3,1
DA:4,1
DA:5,1
DA:6,1
DA:7,1
DA:8,1
DA:9,1
DA:10,1
DA:11,1
DA:12,1
DA:13,1
DA:14,1
DA:15,1
DA:16,1
DA:17,1
DA:18,1
DA:19,1
DA:20,1
DA:21,1
LF:21
LH:21
BRF:0
BRH:0
end_of_record
TN:
SF:src/schemas/user/create.schema.ts
FNF:0
FNH:0
DA:1,1
DA:2,1
DA:3,1
DA:4,1
DA:5,1
DA:6,1
DA:7,1
DA:8,1
DA:9,1
DA:10,1
DA:11,1
DA:12,1
DA:13,1
DA:14,1
DA:15,1
DA:16,1
DA:17,1
DA:18,1
DA:19,1
DA:20,1
DA:21,1
DA:22,1
DA:23,1
DA:24,1
DA:25,1
DA:26,1
DA:27,1
DA:28,1
DA:29,1
DA:30,1
DA:31,1
DA:32,1
DA:33,1
DA:34,1
DA:35,1
DA:36,1
DA:37,1
DA:38,1
DA:39,1
DA:40,1
DA:41,1
DA:42,1
DA:43,1
DA:44,1
DA:45,1
LF:45
LH:45
BRDA:10,0,0,3
BRDA:23,1,0,4
BRF:2
BRH:2
end_of_record
TN:
SF:src/schemas/user/getAll.schema.ts
FNF:0
FNH:0
DA:1,1
DA:2,1
DA:3,1
DA:4,1
DA:5,1
DA:6,1
DA:7,1
DA:8,1
DA:9,1
DA:10,1
DA:11,1
DA:12,1
DA:13,1
DA:14,1
DA:15,1
DA:16,1
DA:17,1
LF:17
LH:17
BRF:0
BRH:0
end_of_record
TN:
SF:src/schemas/user/login.schema.ts
FNF:0
FNH:0
DA:1,1
DA:2,1
DA:3,1
DA:4,1
DA:5,1
DA:6,1
DA:7,1
DA:8,1
LF:8
LH:8
BRF:0
BRH:0
end_of_record
TN:
SF:src/schemas/user/subscribeCourse.schema.ts
FNF:0
FNH:0
DA:1,1
DA:2,1
DA:3,1
DA:4,1
DA:5,1
DA:6,1
DA:7,1
LF:7
LH:7
BRF:0
BRH:0
end_of_record
TN:
SF:src/services/course.service.ts
FN:11,CourseService
FN:12,CourseService.createCourse
FN:19,CourseService.readAllCourses
FN:41,CourseService.updateCourse
FNF:4
FNH:4
FNDA:2,CourseService
FNDA:1,CourseService.createCourse
FNDA:1,CourseService.readAllCourses
FNDA:1,CourseService.updateCourse
DA:1,1
DA:2,1
DA:3,1
DA:4,1
DA:5,1
DA:6,1
DA:7,1
DA:8,1
DA:9,1
DA:10,1
DA:11,2
DA:12,2
DA:13,1
DA:14,1
DA:15,1
DA:16,1
DA:17,1
DA:18,2
DA:19,2
DA:20,1
DA:21,1
DA:22,1
DA:23,1
DA:24,1
DA:25,1
DA:26,1
DA:27,1
DA:28,1
DA:29,1
DA:30,1
DA:31,1
DA:32,1
DA:33,1
DA:34,1
DA:35,1
DA:36,1
DA:37,0
DA:38,0
DA:39,1
DA:40,2
DA:41,2
DA:42,1
DA:43,1
DA:44,1
DA:45,1
DA:46,1
DA:47,1
DA:48,1
DA:49,1
DA:50,2
DA:51,1
DA:52,1
LF:52
LH:50
BRDA:11,0,0,2
BRDA:11,1,0,2
BRDA:12,2,0,1
BRDA:13,3,0,1
BRDA:14,4,0,1
BRDA:19,5,0,1
BRDA:23,6,0,0
BRDA:24,7,0,1
BRDA:32,8,0,1
BRDA:32,9,0,1
BRDA:36,10,0,0
BRDA:36,11,0,0
BRDA:41,12,0,1
BRDA:42,13,0,1
BRDA:46,14,0,1
BRF:15
BRH:12
end_of_record
TN:
SF:src/services/index.ts
FNF:0
FNH:0
DA:1,1
DA:2,1
DA:3,1
DA:4,1
DA:5,1
LF:5
LH:5
BRF:0
BRH:0
end_of_record
TN:
SF:src/services/mailer.service.ts
FN:8,mailerService
FN:9,subscribeCourseEmail
FNF:2
FNH:2
FNDA:2,mailerService
FNDA:2,subscribeCourseEmail
DA:1,1
DA:2,1
DA:3,1
DA:4,1
DA:5,1
DA:6,1
DA:7,1
DA:8,2
DA:9,2
DA:10,2
DA:11,2
DA:12,2
DA:13,2
DA:14,2
DA:15,2
DA:16,2
DA:17,2
DA:18,2
DA:19,2
DA:20,2
DA:21,2
DA:22,2
DA:23,2
DA:24,2
DA:25,2
DA:26,2
DA:27,2
DA:28,2
DA:29,2
DA:30,2
DA:31,2
DA:32,2
DA:33,0
DA:34,0
DA:35,0
DA:36,2
DA:37,2
DA:38,2
DA:39,1
DA:40,1
LF:40
LH:37
BRDA:8,0,0,2
BRDA:8,1,0,2
BRDA:9,2,0,2
BRF:3
BRH:3
end_of_record
TN:
SF:src/services/user.service.ts
FN:22,UserService
FN:23,UserService.login
FN:51,UserService.create
FN:59,UserService.getById
FN:66,UserService.getAll
FN:73,UserService.update
FN:81,UserService.userSubscribeCourse
FNF:7
FNH:7
FNDA:2,UserService
FNDA:2,UserService.login
FNDA:2,UserService.create
FNDA:1,UserService.getById
FNDA:1,UserService.getAll
FNDA:1,UserService.update
FNDA:2,UserService.userSubscribeCourse
DA:1,1
DA:2,1
DA:3,1
DA:4,1
DA:5,1
DA:6,1
DA:7,1
DA:8,1
DA:9,1
DA:10,1
DA:11,1
DA:12,1
DA:13,1
DA:14,1
DA:15,1
DA:16,1
DA:17,1
DA:18,1
DA:19,1
DA:20,1
DA:21,1
DA:22,2
DA:23,2
DA:24,2
DA:25,2
DA:26,2
DA:27,2
DA:28,2
DA:29,0
DA:30,0
DA:31,0
DA:32,0
DA:33,0
DA:34,2
DA:35,1
DA:36,1
DA:37,1
DA:38,1
DA:39,1
DA:40,1
DA:41,1
DA:42,1
DA:43,1
DA:44,1
DA:45,1
DA:46,1
DA:47,1
DA:48,1
DA:49,2
DA:50,2
DA:51,2
DA:52,2
DA:53,2
DA:54,2
DA:55,2
DA:56,2
DA:57,2
DA:58,2
DA:59,2
DA:60,1
DA:61,1
DA:62,1
DA:63,1
DA:64,1
DA:65,2
DA:66,2
DA:67,1
DA:68,1
DA:69,1
DA:70,1
DA:71,1
DA:72,2
DA:73,2
DA:74,1
DA:75,1
DA:76,1
DA:77,1
DA:78,1
DA:79,1
DA:80,2
DA:81,2
DA:82,2
DA:83,2
DA:84,2
DA:85,2
DA:86,2
DA:87,2
DA:88,2
DA:89,2
DA:90,0
DA:91,0
DA:92,2
DA:93,2
DA:94,2
DA:95,2
DA:96,2
DA:97,2
DA:98,2
DA:99,2
DA:100,2
DA:101,2
DA:102,2
DA:103,2
DA:104,2
DA:105,2
DA:106,2
DA:107,2
DA:108,1
DA:109,1
LF:109
LH:102
BRDA:22,0,0,2
BRDA:22,1,0,2
BRDA:23,2,0,2
BRDA:24,3,0,2
BRDA:28,4,0,0
BRDA:34,5,0,1
BRDA:51,6,0,2
BRDA:52,7,0,2
BRDA:54,8,0,2
BRDA:59,9,0,1
BRDA:60,10,0,1
BRDA:61,11,0,1
BRDA:66,12,0,1
BRDA:66,13,0,1
BRDA:67,14,0,1
BRDA:68,15,0,1
BRDA:73,16,0,1
BRDA:74,17,0,1
BRDA:76,18,0,1
BRDA:81,19,0,2
BRDA:85,20,0,2
BRDA:89,21,0,0
BRDA:103,22,0,2
BRF:23
BRH:21
end_of_record
TN:
SF:src/test/index.ts
FN:6,generateUser
FN:15,generateCourse
FN:22,generateToken
FNF:3
FNH:3
FNDA:20,generateUser
FNDA:6,generateCourse
FNDA:13,generateToken
DA:1,1
DA:2,1
DA:3,1
DA:4,1
DA:5,1
DA:6,1
DA:7,20
DA:8,20
DA:9,20
DA:10,20
DA:11,20
DA:12,20
DA:13,20
DA:14,1
DA:15,1
DA:16,6
DA:17,6
DA:18,6
DA:19,6
DA:20,6
DA:21,1
DA:22,1
DA:23,13
DA:24,13
DA:25,13
DA:26,13
DA:27,13
DA:28,13
DA:29,1
DA:30,1
LF:30
LH:30
BRDA:6,0,0,20
BRDA:15,1,0,6
BRDA:22,2,0,13
BRF:3
BRH:3
end_of_record
