TN:
SF:src/app.ts
FNF:0
FNH:0
DA:1,1
DA:2,1
DA:3,1
DA:4,1
DA:5,1
DA:6,1
DA:7,1
DA:8,1
DA:9,1
DA:10,1
DA:11,1
DA:12,10
DA:13,1
DA:14,1
DA:15,1
LF:15
LH:15
BRDA:11,0,0,10
BRF:1
BRH:1
end_of_record
TN:
SF:src/data-source.ts
FNF:0
FNH:0
DA:1,1
DA:2,1
DA:3,1
DA:4,1
DA:5,1
DA:6,1
DA:7,1
DA:8,1
DA:9,1
DA:10,1
DA:11,1
DA:12,1
DA:13,1
DA:14,1
DA:15,1
DA:16,1
DA:17,0
DA:18,0
DA:19,0
DA:20,0
DA:21,0
DA:22,0
DA:23,0
DA:24,0
DA:25,0
DA:26,0
DA:27,0
DA:28,0
DA:29,0
DA:30,0
DA:31,0
DA:32,0
DA:33,1
DA:34,1
DA:35,1
LF:35
LH:19
BRDA:16,0,0,0
BRF:1
BRH:0
end_of_record
TN:
SF:src/controllers/course.controller.ts
FN:4,CourseController
FN:5,CourseController.createCourse
FN:10,CourseController.readAll
FN:15,CourseController.updateCourse
FNF:4
FNH:3
FNDA:2,CourseController
FNDA:7,CourseController.createCourse
FNDA:0,CourseController.readAll
FNDA:1,CourseController.updateCourse
DA:1,1
DA:2,1
DA:3,1
DA:4,2
DA:5,2
DA:6,7
DA:7,7
DA:8,7
DA:9,2
DA:10,2
DA:11,0
DA:12,0
DA:13,0
DA:14,2
DA:15,2
DA:16,1
DA:17,1
DA:18,1
DA:19,2
DA:20,1
DA:21,1
LF:21
LH:18
BRDA:4,0,0,2
BRDA:4,1,0,2
BRDA:5,2,0,7
BRDA:5,3,0,7
BRDA:6,4,0,7
BRDA:15,5,0,1
BRDA:15,6,0,1
BRDA:16,7,0,1
BRF:8
BRH:8
end_of_record
TN:
SF:src/controllers/index.ts
FNF:0
FNH:0
DA:1,1
DA:2,1
DA:3,1
DA:4,1
LF:4
LH:4
BRF:0
BRH:0
end_of_record
TN:
SF:src/controllers/user.controller.ts
FN:4,UserController
FN:5,UserController.loginUser
FN:10,UserController.createUser
FN:15,UserController.getById
FN:20,UserController.getAll
FN:25,UserController.update
FN:30,UserController.userSubscribeCourse
FNF:7
FNH:7
FNDA:2,UserController
FNDA:2,UserController.loginUser
FNDA:24,UserController.createUser
FNDA:1,UserController.getById
FNDA:1,UserController.getAll
FNDA:1,UserController.update
FNDA:2,UserController.userSubscribeCourse
DA:1,1
DA:2,1
DA:3,1
DA:4,2
DA:5,2
DA:6,2
DA:7,2
DA:8,2
DA:9,2
DA:10,2
DA:11,24
DA:12,24
DA:13,24
DA:14,2
DA:15,2
DA:16,1
DA:17,1
DA:18,1
DA:19,2
DA:20,2
DA:21,1
DA:22,1
DA:23,1
DA:24,2
DA:25,2
DA:26,1
DA:27,1
DA:28,1
DA:29,2
DA:30,2
DA:31,2
DA:32,2
DA:33,2
DA:34,2
DA:35,1
DA:36,1
LF:36
LH:36
BRDA:4,0,0,2
BRDA:4,1,0,2
BRDA:5,2,0,2
BRDA:5,3,0,2
BRDA:6,4,0,2
BRDA:10,5,0,24
BRDA:10,6,0,24
BRDA:11,7,0,24
BRDA:15,8,0,1
BRDA:15,9,0,1
BRDA:16,10,0,1
BRDA:20,11,0,1
BRDA:20,12,0,1
BRDA:21,13,0,1
BRDA:25,14,0,1
BRDA:25,15,0,1
BRDA:26,16,0,1
BRDA:30,17,0,2
BRDA:30,18,0,2
BRDA:31,19,0,2
BRF:20
BRH:20
end_of_record
TN:
SF:src/entities/Course.entity.ts
FN:5,Course
FN:15,Object.<anonymous>.__decorate.lazy
FN:15,Object.<anonymous>.__decorate.lazy
FNF:3
FNH:3
FNDA:79,Course
FNDA:18,Object.<anonymous>.__decorate.lazy
FNDA:18,Object.<anonymous>.__decorate.lazy
DA:1,1
DA:2,1
DA:3,1
DA:4,1
DA:5,79
DA:6,79
DA:7,79
DA:8,79
DA:9,79
DA:10,79
DA:11,79
DA:12,79
DA:13,79
DA:14,79
DA:15,79
DA:16,79
DA:17,79
DA:18,79
LF:18
LH:18
BRDA:5,0,0,2
BRDA:5,1,0,79
BRDA:15,2,0,18
BRDA:15,3,0,18
BRF:4
BRH:4
end_of_record
TN:
SF:src/entities/User.entity.ts
FN:14,User
FN:42,User.comparePwd
FN:39,Object.<anonymous>.__decorate.eager
FN:39,Object.<anonymous>.__decorate.eager
FNF:4
FNH:4
FNDA:78,User
FNDA:2,User.comparePwd
FNDA:18,Object.<anonymous>.__decorate.eager
FNDA:18,Object.<anonymous>.__decorate.eager
DA:1,1
DA:2,1
DA:3,1
DA:4,1
DA:5,1
DA:6,1
DA:7,1
DA:8,1
DA:9,1
DA:10,1
DA:11,1
DA:12,1
DA:13,1
DA:14,78
DA:15,78
DA:16,78
DA:17,78
DA:18,78
DA:19,78
DA:20,78
DA:21,78
DA:22,78
DA:23,78
DA:24,78
DA:25,78
DA:26,78
DA:27,78
DA:28,78
DA:29,78
DA:30,78
DA:31,78
DA:32,78
DA:33,78
DA:34,78
DA:35,78
DA:36,78
DA:37,78
DA:38,78
DA:39,78
DA:40,78
DA:41,78
DA:42,78
DA:43,2
DA:44,2
DA:45,78
LF:45
LH:45
BRDA:14,0,0,2
BRDA:14,1,0,78
BRDA:42,2,0,2
BRDA:42,3,0,2
BRDA:43,4,0,2
BRDA:43,5,0,2
BRDA:39,6,0,18
BRDA:39,7,0,18
BRF:8
BRH:8
end_of_record
TN:
SF:src/entities/index.ts
FN:4,get
FN:4,get
FNF:2
FNH:2
FNDA:20,get
FNDA:20,get
DA:1,1
DA:2,1
DA:3,1
DA:4,1
LF:4
LH:4
BRDA:4,0,0,20
BRDA:4,1,0,20
BRF:2
BRH:2
end_of_record
TN:
SF:src/errors/errors.ts
FN:9,ErrorHandler
FN:15,errorHandler
FNF:2
FNH:2
FNDA:10,ErrorHandler
FNDA:10,errorHandler
DA:1,1
DA:2,1
DA:3,1
DA:4,1
DA:5,2
DA:6,2
DA:7,2
DA:8,2
DA:9,2
DA:10,10
DA:11,10
DA:12,10
DA:13,2
DA:14,1
DA:15,1
DA:16,10
DA:17,10
DA:18,10
DA:19,0
DA:20,0
DA:21,0
DA:22,0
DA:23,0
DA:24,1
DA:25,1
LF:25
LH:20
BRDA:5,0,0,2
BRDA:9,1,0,10
BRDA:15,2,0,10
BRDA:19,3,0,0
BRF:4
BRH:3
end_of_record
TN:
SF:src/middlewares/getUserByIdOr404.middleware.ts
FN:5,getUserByIdOr404
FNF:1
FNH:1
FNDA:7,getUserByIdOr404
DA:1,1
DA:2,1
DA:3,1
DA:4,1
DA:5,1
DA:6,7
DA:7,7
DA:8,7
DA:9,7
DA:10,7
DA:11,7
DA:12,7
DA:13,7
DA:14,7
DA:15,0
DA:16,0
DA:17,7
DA:18,7
DA:19,7
DA:20,7
DA:21,7
DA:22,7
DA:23,7
DA:24,1
DA:25,1
LF:25
LH:23
BRDA:5,0,0,7
BRDA:9,1,0,7
BRDA:14,2,0,0
BRDA:22,3,0,7
BRF:4
BRH:3
end_of_record
TN:
SF:src/middlewares/index.ts
FNF:0
FNH:0
DA:1,1
DA:2,1
DA:3,1
DA:4,1
DA:5,1
DA:6,1
DA:7,1
DA:8,1
DA:9,1
DA:10,1
DA:11,1
DA:12,1
DA:13,1
DA:14,1
DA:15,1
DA:16,1
DA:17,1
LF:17
LH:17
BRF:0
BRH:0
end_of_record
TN:
SF:src/middlewares/validateSchema.middleware.ts
FN:6,validateSchema
FNF:1
FNH:1
FNDA:12,validateSchema
DA:1,1
DA:2,1
DA:3,1
DA:4,1
DA:5,1
DA:6,1
DA:7,12
DA:8,43
DA:9,43
DA:10,43
DA:11,43
DA:12,43
DA:13,43
DA:14,43
DA:15,43
DA:16,43
DA:17,43
DA:18,43
DA:19,43
DA:20,43
DA:21,1
DA:22,1
LF:22
LH:22
BRDA:6,0,0,12
BRDA:7,1,0,43
BRDA:7,2,0,43
BRF:3
BRH:3
end_of_record
TN:
SF:src/middlewares/validateToken.middleware.ts
FN:6,validateToken
FNF:1
FNH:1
FNDA:22,validateToken
DA:1,1
DA:2,1
DA:3,1
DA:4,1
DA:5,1
DA:6,1
DA:7,22
DA:8,22
DA:9,22
DA:10,5
DA:11,5
DA:12,22
DA:13,22
DA:14,22
DA:15,22
DA:16,22
DA:17,22
DA:18,5
DA:19,5
DA:20,17
DA:21,17
DA:22,17
DA:23,17
DA:24,17
DA:25,22
DA:26,22
DA:27,1
DA:28,1
LF:28
LH:28
BRDA:6,0,0,22
BRDA:6,1,0,22
BRDA:7,2,0,5
BRDA:7,3,0,17
BRDA:9,4,0,5
BRDA:16,5,0,22
BRDA:17,6,0,5
BRDA:20,7,0,17
BRF:8
BRH:8
end_of_record
TN:
SF:src/middlewares/verifyAdmin.middleware.ts
FN:5,verifyAdmin
FNF:1
FNH:1
FNDA:7,verifyAdmin
DA:1,1
DA:2,1
DA:3,1
DA:4,1
DA:5,1
DA:6,7
DA:7,7
DA:8,7
DA:9,7
DA:10,7
DA:11,7
DA:12,7
DA:13,1
DA:14,1
DA:15,6
DA:16,7
DA:17,3
DA:18,3
DA:19,3
DA:20,3
DA:21,7
DA:22,1
DA:23,1
LF:23
LH:23
BRDA:5,0,0,7
BRDA:5,1,0,7
BRDA:12,2,0,1
BRDA:15,3,0,6
BRDA:16,4,0,3
BRF:5
BRH:5
end_of_record
TN:
SF:src/middlewares/verifyPermission.middleware.ts
FN:5,verifyPermission
FNF:1
FNH:1
FNDA:10,verifyPermission
DA:1,1
DA:2,1
DA:3,1
DA:4,1
DA:5,1
DA:6,10
DA:7,10
DA:8,10
DA:9,10
DA:10,10
DA:11,10
DA:12,10
DA:13,10
DA:14,10
DA:15,1
DA:16,1
DA:17,1
DA:18,1
DA:19,1
DA:20,9
DA:21,9
DA:22,10
DA:23,1
DA:24,1
LF:24
LH:24
BRDA:5,0,0,10
BRDA:9,1,0,10
BRDA:14,2,0,1
BRDA:20,3,0,9
BRF:4
BRH:4
end_of_record
TN:
SF:src/middlewares/verifyUserExists.middleware.ts
FN:6,verifiUserExists
FNF:1
FNH:1
FNDA:25,verifiUserExists
DA:1,1
DA:2,1
DA:3,1
DA:4,1
DA:5,1
DA:6,1
DA:7,25
DA:8,25
DA:9,25
DA:10,25
DA:11,25
DA:12,25
DA:13,1
DA:14,1
DA:15,24
DA:16,24
DA:17,25
DA:18,1
DA:19,1
LF:19
LH:19
BRDA:6,0,0,25
BRDA:6,1,0,25
BRDA:8,2,0,25
BRDA:12,3,0,1
BRDA:15,4,0,24
BRF:5
BRH:5
end_of_record
TN:
SF:src/middlewares/verifyUserExistsUpdate.middleware.ts
FN:6,verifiUserExistsUpdate
FNF:1
FNH:1
FNDA:3,verifiUserExistsUpdate
DA:1,1
DA:2,1
DA:3,1
DA:4,1
DA:5,1
DA:6,1
DA:7,3
DA:8,3
DA:9,3
DA:10,3
DA:11,3
DA:12,3
DA:13,3
DA:14,0
DA:15,0
DA:16,3
DA:17,3
DA:18,3
DA:19,3
DA:20,1
DA:21,1
LF:21
LH:19
BRDA:6,0,0,3
BRDA:6,1,0,3
BRDA:8,2,0,0
BRDA:13,3,0,0
BRDA:18,4,0,3
BRF:5
BRH:3
end_of_record
TN:
SF:src/repositories/course.repository.ts
FN:16,CourseRepository
FN:20,CourseRepository.save
FN:23,CourseRepository.listAll
FN:25,CourseRepository.retrieve
FN:28,CourseRepository.update
FN:33,CourseRepository.delete
FNF:6
FNH:4
FNDA:2,CourseRepository
FNDA:7,CourseRepository.save
FNDA:0,CourseRepository.listAll
FNDA:3,CourseRepository.retrieve
FNDA:1,CourseRepository.update
FNDA:0,CourseRepository.delete
DA:1,1
DA:2,1
DA:3,1
DA:4,1
DA:5,1
DA:6,1
DA:7,1
DA:8,1
DA:9,1
DA:10,1
DA:11,1
DA:12,1
DA:13,2
DA:14,2
DA:15,2
DA:16,2
DA:17,2
DA:18,2
DA:19,2
DA:20,2
DA:21,14
DA:22,2
DA:23,2
DA:24,2
DA:25,2
DA:26,6
DA:27,2
DA:28,2
DA:29,1
DA:30,1
DA:31,2
DA:32,2
DA:33,2
DA:34,0
DA:35,2
DA:36,1
DA:37,1
LF:37
LH:36
BRDA:13,0,0,2
BRDA:16,1,0,2
BRDA:20,2,0,7
BRDA:20,3,0,7
BRDA:20,4,0,14
BRDA:21,5,0,7
BRDA:21,6,0,7
BRDA:25,7,0,3
BRDA:25,8,0,3
BRDA:25,9,0,6
BRDA:26,10,0,3
BRDA:26,11,0,3
BRDA:28,12,0,1
BRDA:31,13,0,1
BRDA:31,14,0,2
BRDA:31,15,0,1
BRDA:31,16,0,1
BRF:17
BRH:17
end_of_record
TN:
SF:src/repositories/index.ts
FNF:0
FNH:0
DA:1,1
DA:2,1
DA:3,1
DA:4,1
LF:4
LH:4
BRF:0
BRH:0
end_of_record
TN:
SF:src/repositories/user.repository.ts
FN:15,UserRepository
FN:19,UserRepository.save
FN:21,UserRepository.listAll
FN:23,UserRepository.retrieve
FN:26,UserRepository.update
FNF:5
FNH:5
FNDA:2,UserRepository
FNDA:26,UserRepository.save
FNDA:1,UserRepository.listAll
FNDA:84,UserRepository.retrieve
FNDA:1,UserRepository.update
DA:1,1
DA:2,1
DA:3,1
DA:4,1
DA:5,1
DA:6,1
DA:7,1
DA:8,1
DA:9,1
DA:10,1
DA:11,1
DA:12,2
DA:13,2
DA:14,2
DA:15,2
DA:16,2
DA:17,2
DA:18,2
DA:19,2
DA:20,2
DA:21,2
DA:22,2
DA:23,2
DA:24,168
DA:25,2
DA:26,2
DA:27,2
DA:28,2
DA:29,1
DA:30,1
LF:30
LH:30
BRDA:12,0,0,2
BRDA:15,1,0,2
BRDA:19,2,0,26
BRDA:19,3,0,26
BRDA:19,4,0,52
BRDA:19,5,0,26
BRDA:19,6,0,26
BRDA:21,7,0,1
BRDA:21,8,0,1
BRDA:21,9,0,2
BRDA:21,10,0,1
BRDA:21,11,0,1
BRDA:23,12,0,84
BRDA:23,13,0,84
BRDA:23,14,0,168
BRDA:24,15,0,84
BRDA:24,16,0,84
BRDA:26,17,0,1
BRDA:26,18,0,1
BRDA:26,19,0,2
BRDA:27,20,0,1
BRDA:27,21,0,1
BRF:22
BRH:22
end_of_record
TN:
SF:src/routes/course.route.ts
FNF:0
FNH:0
DA:1,1
DA:2,1
DA:3,1
DA:4,1
DA:5,1
DA:6,1
DA:7,1
DA:8,1
DA:9,1
DA:10,1
DA:11,1
DA:12,1
DA:13,1
DA:14,1
DA:15,1
DA:16,1
DA:17,1
DA:18,1
DA:19,1
DA:20,1
DA:21,1
DA:22,1
DA:23,1
DA:24,1
DA:25,1
DA:26,1
DA:27,1
DA:28,1
LF:28
LH:28
BRF:0
BRH:0
end_of_record
TN:
SF:src/routes/index.ts
FN:5,registerRouters
FNF:1
FNH:1
FNDA:2,registerRouters
DA:1,1
DA:2,1
DA:3,1
DA:4,1
DA:5,1
DA:6,2
DA:7,2
DA:8,2
DA:9,1
DA:10,1
LF:10
LH:10
BRDA:5,0,0,2
BRF:1
BRH:1
end_of_record
TN:
SF:src/routes/user.route.ts
FNF:0
FNH:0
DA:1,1
DA:2,1
DA:3,1
DA:4,1
DA:5,1
DA:6,1
DA:7,1
DA:8,1
DA:9,1
DA:10,1
DA:11,1
DA:12,1
DA:13,1
DA:14,1
DA:15,1
DA:16,1
DA:17,1
DA:18,1
DA:19,1
DA:20,1
DA:21,1
DA:22,1
DA:23,1
DA:24,1
DA:25,1
DA:26,1
DA:27,1
DA:28,1
DA:29,1
DA:30,1
DA:31,1
DA:32,1
DA:33,1
DA:34,1
DA:35,1
DA:36,1
DA:37,1
DA:38,1
DA:39,1
DA:40,1
DA:41,1
DA:42,1
DA:43,1
DA:44,1
DA:45,1
DA:46,1
DA:47,1
DA:48,1
DA:49,1
DA:50,1
DA:51,1
DA:52,1
DA:53,1
DA:54,1
DA:55,1
DA:56,1
DA:57,1
DA:58,1
DA:59,1
DA:60,1
DA:61,1
DA:62,1
DA:63,1
DA:64,1
LF:64
LH:64
BRF:0
BRH:0
end_of_record
TN:
SF:src/schemas/index.ts
FN:12,get
FN:13,get
FN:14,get
FN:15,get
FN:16,get
FN:17,get
FNF:6
FNH:6
FNDA:2,get
FNDA:2,get
FNDA:8,get
FNDA:2,get
FNDA:28,get
FNDA:2,get
DA:1,1
DA:2,1
DA:3,1
DA:4,1
DA:5,1
DA:6,1
DA:7,1
DA:8,1
DA:9,1
DA:10,1
DA:11,1
DA:12,1
DA:13,1
DA:14,1
DA:15,1
DA:16,1
DA:17,1
DA:18,1
DA:19,1
LF:19
LH:19
BRDA:12,0,0,2
BRDA:13,1,0,2
BRDA:14,2,0,8
BRDA:15,3,0,2
BRDA:16,4,0,28
BRDA:17,5,0,2
BRF:6
BRH:6
end_of_record
TN:
SF:src/schemas/courses/create.schema.ts
FNF:0
FNH:0
DA:1,1
DA:2,1
DA:3,1
DA:4,1
DA:5,1
DA:6,1
DA:7,1
DA:8,1
DA:9,1
DA:10,1
DA:11,1
DA:12,1
DA:13,1
DA:14,1
DA:15,1
DA:16,1
DA:17,1
DA:18,1
DA:19,1
LF:19
LH:19
BRF:0
BRH:0
end_of_record
TN:
SF:src/schemas/courses/getAll.Students.schema.ts
FNF:0
FNH:0
DA:1,1
DA:2,1
DA:3,1
DA:4,1
DA:5,1
DA:6,1
DA:7,1
DA:8,1
DA:9,1
DA:10,1
DA:11,1
DA:12,1
DA:13,1
DA:14,1
LF:14
LH:14
BRF:0
BRH:0
end_of_record
TN:
SF:src/schemas/courses/getAll.schema.ts
FNF:0
FNH:0
DA:1,1
DA:2,1
DA:3,1
DA:4,1
DA:5,1
DA:6,1
DA:7,1
DA:8,1
DA:9,1
DA:10,1
DA:11,1
DA:12,1
DA:13,1
DA:14,1
DA:15,1
DA:16,1
DA:17,1
DA:18,1
DA:19,1
DA:20,1
DA:21,1
LF:21
LH:21
BRF:0
BRH:0
end_of_record
TN:
SF:src/schemas/user/create.schema.ts
FNF:0
FNH:0
DA:1,1
DA:2,1
DA:3,1
DA:4,1
DA:5,1
DA:6,1
DA:7,1
DA:8,1
DA:9,1
DA:10,1
DA:11,1
DA:12,1
DA:13,1
DA:14,1
DA:15,1
DA:16,1
DA:17,1
DA:18,1
DA:19,1
DA:20,1
DA:21,1
DA:22,1
DA:23,1
DA:24,1
DA:25,1
DA:26,1
DA:27,1
DA:28,1
DA:29,1
DA:30,1
DA:31,1
DA:32,1
DA:33,1
DA:34,1
DA:35,1
DA:36,1
DA:37,1
DA:38,1
DA:39,1
DA:40,1
DA:41,1
DA:42,1
DA:43,1
DA:44,1
DA:45,1
LF:45
LH:45
BRDA:10,0,0,25
BRDA:23,1,0,3
BRF:2
BRH:2
end_of_record
TN:
SF:src/schemas/user/getAll.schema.ts
FNF:0
FNH:0
DA:1,1
DA:2,1
DA:3,1
DA:4,1
DA:5,1
DA:6,1
DA:7,1
DA:8,1
DA:9,1
DA:10,1
DA:11,1
DA:12,1
DA:13,1
DA:14,1
DA:15,1
DA:16,1
DA:17,1
LF:17
LH:17
BRF:0
BRH:0
end_of_record
TN:
SF:src/schemas/user/login.schema.ts
FNF:0
FNH:0
DA:1,1
DA:2,1
DA:3,1
DA:4,1
DA:5,1
DA:6,1
DA:7,1
DA:8,1
LF:8
LH:8
BRF:0
BRH:0
end_of_record
TN:
SF:src/schemas/user/subscribeCourse.schema.ts
FNF:0
FNH:0
DA:1,1
DA:2,1
DA:3,1
DA:4,1
DA:5,1
DA:6,1
DA:7,1
LF:7
LH:7
BRF:0
BRH:0
end_of_record
TN:
SF:src/services/course.service.ts
FN:11,CourseService
FN:12,CourseService.createCourse
FN:19,CourseService.readAllCourses
FN:41,CourseService.updateCourse
FNF:4
FNH:3
FNDA:2,CourseService
FNDA:7,CourseService.createCourse
FNDA:0,CourseService.readAllCourses
FNDA:1,CourseService.updateCourse
DA:1,1
DA:2,1
DA:3,1
DA:4,1
DA:5,1
DA:6,1
DA:7,1
DA:8,1
DA:9,1
DA:10,1
DA:11,2
DA:12,2
DA:13,7
DA:14,7
DA:15,7
DA:16,7
DA:17,7
DA:18,2
DA:19,2
DA:20,0
DA:21,0
DA:22,0
DA:23,0
DA:24,0
DA:25,0
DA:26,0
DA:27,0
DA:28,0
DA:29,0
DA:30,0
DA:31,0
DA:32,0
DA:33,0
DA:34,0
DA:35,0
DA:36,0
DA:37,0
DA:38,0
DA:39,0
DA:40,2
DA:41,2
DA:42,1
DA:43,1
DA:44,1
DA:45,1
DA:46,1
DA:47,1
DA:48,1
DA:49,1
DA:50,2
DA:51,1
DA:52,1
LF:52
LH:32
BRDA:11,0,0,2
BRDA:11,1,0,2
BRDA:12,2,0,7
BRDA:13,3,0,7
BRDA:14,4,0,7
BRDA:41,5,0,1
BRDA:42,6,0,1
BRDA:46,7,0,1
BRF:8
BRH:8
end_of_record
TN:
SF:src/services/index.ts
FNF:0
FNH:0
DA:1,1
DA:2,1
DA:3,1
DA:4,1
LF:4
LH:4
BRF:0
BRH:0
end_of_record
TN:
SF:src/services/user.service.ts
FN:21,UserService
FN:22,UserService.login
FN:50,UserService.create
FN:58,UserService.getById
FN:65,UserService.getAll
FN:72,UserService.update
FN:80,UserService.userSubscribeCourse
FNF:7
FNH:7
FNDA:2,UserService
FNDA:2,UserService.login
FNDA:24,UserService.create
FNDA:1,UserService.getById
FNDA:1,UserService.getAll
FNDA:1,UserService.update
FNDA:2,UserService.userSubscribeCourse
DA:1,1
DA:2,1
DA:3,1
DA:4,1
DA:5,1
DA:6,1
DA:7,1
DA:8,1
DA:9,1
DA:10,1
DA:11,1
DA:12,1
DA:13,1
DA:14,1
DA:15,1
DA:16,1
DA:17,1
DA:18,1
DA:19,1
DA:20,1
DA:21,2
DA:22,2
DA:23,2
DA:24,2
DA:25,2
DA:26,2
DA:27,2
DA:28,0
DA:29,0
DA:30,0
DA:31,0
DA:32,0
DA:33,2
DA:34,1
DA:35,1
DA:36,1
DA:37,1
DA:38,1
DA:39,1
DA:40,1
DA:41,1
DA:42,1
DA:43,1
DA:44,1
DA:45,1
DA:46,1
DA:47,1
DA:48,2
DA:49,2
DA:50,2
DA:51,24
DA:52,24
DA:53,24
DA:54,24
DA:55,24
DA:56,24
DA:57,2
DA:58,2
DA:59,1
DA:60,1
DA:61,1
DA:62,1
DA:63,1
DA:64,2
DA:65,2
DA:66,1
DA:67,1
DA:68,1
DA:69,1
DA:70,1
DA:71,2
DA:72,2
DA:73,1
DA:74,1
DA:75,1
DA:76,1
DA:77,1
DA:78,1
DA:79,2
DA:80,2
DA:81,2
DA:82,2
DA:83,2
DA:84,2
DA:85,2
DA:86,2
DA:87,2
DA:88,2
DA:89,0
DA:90,0
DA:91,2
DA:92,2
DA:93,2
DA:94,2
DA:95,2
DA:96,2
DA:97,2
DA:98,2
DA:99,2
DA:100,2
DA:101,2
DA:102,2
DA:103,2
DA:104,2
DA:105,1
DA:106,1
LF:106
LH:99
BRDA:21,0,0,2
BRDA:21,1,0,2
BRDA:22,2,0,2
BRDA:23,3,0,2
BRDA:27,4,0,0
BRDA:33,5,0,1
BRDA:50,6,0,24
BRDA:51,7,0,24
BRDA:53,8,0,24
BRDA:58,9,0,1
BRDA:59,10,0,1
BRDA:60,11,0,1
BRDA:65,12,0,1
BRDA:65,13,0,1
BRDA:66,14,0,1
BRDA:67,15,0,1
BRDA:72,16,0,1
BRDA:73,17,0,1
BRDA:75,18,0,1
BRDA:80,19,0,2
BRDA:84,20,0,2
BRDA:88,21,0,0
BRDA:100,22,0,2
BRF:23
BRH:21
end_of_record
TN:
SF:src/test/index.ts
FN:6,generateUser
FN:15,generateCourse
FN:22,generateToken
FNF:3
FNH:3
FNDA:18,generateUser
FNDA:5,generateCourse
FNDA:15,generateToken
DA:1,1
DA:2,1
DA:3,1
DA:4,1
DA:5,1
DA:6,1
DA:7,18
DA:8,18
DA:9,18
DA:10,18
DA:11,18
DA:12,18
DA:13,18
DA:14,1
DA:15,1
DA:16,5
DA:17,5
DA:18,5
DA:19,5
DA:20,5
DA:21,1
DA:22,1
DA:23,15
DA:24,15
DA:25,15
DA:26,15
DA:27,15
DA:28,15
DA:29,1
DA:30,1
LF:30
LH:30
BRDA:6,0,0,18
BRDA:15,1,0,5
BRDA:22,2,0,15
BRF:3
BRH:3
end_of_record
